#                                                                  --- full sequence ---- --- best 1 domain ---- --- domain number estimation ----
# target name           accession  query name           accession    E-value  score  bias   E-value  score  bias   exp reg clu  ov env dom rep inc description of target
#   ------------------- ---------- -------------------- ---------- --------- ------ ----- --------- ------ -----   --- --- --- --- --- --- --- --- ---------------------
transcript:AT1G61180.2  -          NB-ARC               PF00931.28   2.6e-96  322.3   0.7   4.2e-96  321.6   0.7   1.3   1   0   0   1   1   1   1 gene_id:gene:AT1G61180 chromosome:1 strand:+
transcript:AT1G61310.1  -          NB-ARC               PF00931.28   2.3e-93  312.6   0.2   3.9e-93  311.9   0.2   1.4   1   0   0   1   1   1   1 gene_id:gene:AT1G61310 chromosome:1 strand:-
transcript:AT1G61300.1  -          NB-ARC               PF00931.28   6.6e-93  311.1   1.4     1e-92  310.5   1.4   1.3   1   0   0   1   1   1   1 gene_id:gene:AT1G61300 chromosome:1 strand:-
transcript:AT1G61190.1  -          NB-ARC               PF00931.28   7.5e-93  310.9   0.7   1.2e-92  310.2   0.7   1.4   1   0   0   1   1   1   1 gene_id:gene:AT1G61190 chromosome:1 strand:+
transcript:AT1G10920.1  -          NB-ARC               PF00931.28   1.1e-90  303.9   0.1   1.8e-90  303.1   0.1   1.4   1   0   0   1   1   1   1 gene_id:gene:AT1G10920 chromosome:1 strand:-
transcript:AT1G12220.1  -          NB-ARC               PF00931.28   7.6e-88  294.5   0.1   1.4e-87  293.7   0.1   1.5   1   0   0   1   1   1   1 gene_id:gene:AT1G12220 chromosome:1 strand:+
transcript:AT4G26090.1  -          NB-ARC               PF00931.28   4.7e-86  288.7   0.1   6.7e-86  288.2   0.1   1.2   1   0   0   1   1   1   1 gene_id:gene:AT4G26090 chromosome:4 strand:+
transcript:AT3G50950.1  -          NB-ARC               PF00931.28   6.8e-86  288.1   0.1   1.3e-85  287.2   0.1   1.5   1   0   0   1   1   1   1 gene_id:gene:AT3G50950 chromosome:3 strand:+
transcript:AT5G63020.1  -          NB-ARC               PF00931.28   8.7e-86  287.8   0.1   1.4e-85  287.1   0.1   1.3   1   0   0   1   1   1   1 gene_id:gene:AT5G63020 chromosome:5 strand:-
transcript:AT3G07040.1  -          NB-ARC               PF00931.28   6.5e-83  278.4   0.0   1.1e-82  277.6   0.0   1.4   1   0   0   1   1   1   1 gene_id:gene:AT3G07040 chromosome:3 strand:-
transcript:AT1G12280.1  -          NB-ARC               PF00931.28   1.2e-82  277.5   0.0   2.3e-82  276.6   0.0   1.5   1   0   0   1   1   1   1 gene_id:gene:AT1G12280 chromosome:1 strand:-
transcript:AT1G12210.1  -          NB-ARC               PF00931.28   1.4e-82  277.3   0.3   2.5e-82  276.5   0.3   1.4   1   0   0   1   1   1   1 gene_id:gene:AT1G12210 chromosome:1 strand:+
transcript:AT5G48620.1  -          NB-ARC               PF00931.28   2.9e-82  276.3   0.0   5.7e-82  275.3   0.0   1.5   1   0   0   1   1   1   1 gene_id:gene:AT5G48620 chromosome:5 strand:+
transcript:AT5G43470.1  -          NB-ARC               PF00931.28   5.4e-82  275.4   0.5   2.4e-81  273.2   0.1   2.0   2   0   0   2   2   1   1 gene_id:gene:AT5G43470 chromosome:5 strand:-
transcript:AT5G35450.1  -          NB-ARC               PF00931.28   1.4e-80  270.7   0.5     5e-80  268.9   0.1   1.9   2   0   0   2   2   1   1 gene_id:gene:AT5G35450 chromosome:5 strand:+
transcript:AT1G63350.2  -          NB-ARC               PF00931.28   3.2e-77  259.7   0.4   5.3e-77  259.0   0.4   1.4   1   0   0   1   1   1   1 gene_id:gene:AT1G63350 chromosome:1 strand:-
transcript:AT4G10780.1  -          NB-ARC               PF00931.28   1.6e-76  257.4   1.0   2.5e-76  256.8   1.0   1.3   1   0   0   1   1   1   1 gene_id:gene:AT4G10780 chromosome:4 strand:-
transcript:AT1G53350.1  -          NB-ARC               PF00931.28   1.8e-76  257.3   0.1   3.6e-76  256.3   0.1   1.5   1   0   0   1   1   1   1 gene_id:gene:AT1G53350 chromosome:1 strand:+
transcript:AT5G43740.1  -          NB-ARC               PF00931.28   1.2e-75  254.6   0.1   2.4e-75  253.6   0.1   1.5   1   0   0   1   1   1   1 gene_id:gene:AT5G43740 chromosome:5 strand:+
transcript:AT1G15890.1  -          NB-ARC               PF00931.28   1.5e-75  254.3   0.1   2.4e-75  253.6   0.1   1.3   1   0   0   1   1   1   1 gene_id:gene:AT1G15890 chromosome:1 strand:+
transcript:AT1G12290.1  -          NB-ARC               PF00931.28   1.7e-74  250.8   0.1   3.1e-74  249.9   0.1   1.5   1   0   0   1   1   1   1 gene_id:gene:AT1G12290 chromosome:1 strand:-
transcript:AT5G43730.1  -          NB-ARC               PF00931.28   2.8e-74  250.1   0.0   5.9e-74  249.0   0.0   1.6   1   0   0   1   1   1   1 gene_id:gene:AT5G43730 chromosome:5 strand:+
transcript:AT1G63360.1  -          NB-ARC               PF00931.28   2.6e-73  246.9   0.0   4.4e-73  246.2   0.0   1.4   1   0   0   1   1   1   1 gene_id:gene:AT1G63360 chromosome:1 strand:-
transcript:AT1G62630.1  -          NB-ARC               PF00931.28   3.6e-73  246.5   0.1   6.3e-73  245.7   0.1   1.4   1   0   0   1   1   1   1 gene_id:gene:AT1G62630 chromosome:1 strand:+
transcript:AT1G51480.1  -          NB-ARC               PF00931.28   1.1e-72  244.9   0.3   1.8e-72  244.2   0.3   1.4   1   0   0   1   1   1   1 gene_id:gene:AT1G51480 chromosome:1 strand:-
transcript:AT1G58410.1  -          NB-ARC               PF00931.28   1.2e-69  235.0   1.2   2.4e-69  234.0   1.2   1.6   1   0   0   1   1   1   1 gene_id:gene:AT1G58410 chromosome:1 strand:-
transcript:AT1G59620.2  -          NB-ARC               PF00931.28   1.5e-69  234.6   0.1   2.1e-69  234.1   0.1   1.2   1   0   0   1   1   1   1 gene_id:gene:AT1G59620 chromosome:1 strand:+
transcript:AT1G58390.1  -          NB-ARC               PF00931.28   1.6e-69  234.5   1.9   2.8e-69  233.7   1.9   1.4   1   0   0   1   1   1   1 gene_id:gene:AT1G58390 chromosome:1 strand:-
transcript:AT1G58807.1  -          NB-ARC               PF00931.28   2.2e-69  234.1   0.8   1.4e-68  231.5   1.1   2.0   2   0   0   2   2   1   1 gene_id:gene:AT1G58807 chromosome:1 strand:+
transcript:AT1G59124.2  -          NB-ARC               PF00931.28   2.2e-69  234.1   0.8   1.4e-68  231.5   1.1   2.0   2   0   0   2   2   1   1 gene_id:gene:AT1G59124 chromosome:1 strand:+
transcript:AT5G05400.1  -          NB-ARC               PF00931.28   6.1e-69  232.6   0.7   1.1e-68  231.8   0.7   1.4   1   0   0   1   1   1   1 gene_id:gene:AT5G05400 chromosome:5 strand:-
transcript:AT1G58602.1  -          NB-ARC               PF00931.28   9.7e-69  232.0   0.6   1.8e-68  231.1   0.6   1.5   1   0   0   1   1   1   1 gene_id:gene:AT1G58602 chromosome:1 strand:+
transcript:AT1G58848.1  -          NB-ARC               PF00931.28   1.2e-68  231.7   0.9   2.5e-68  230.6   0.9   1.6   1   0   0   1   1   1   1 gene_id:gene:AT1G58848 chromosome:1 strand:+
transcript:AT1G59218.1  -          NB-ARC               PF00931.28   1.2e-68  231.7   0.9   2.5e-68  230.6   0.9   1.6   1   0   0   1   1   1   1 gene_id:gene:AT1G59218 chromosome:1 strand:+
transcript:AT1G58400.2  -          NB-ARC               PF00931.28   5.6e-68  229.5   0.9   9.8e-68  228.7   0.9   1.4   1   0   0   1   1   1   1 gene_id:gene:AT1G58400 chromosome:1 strand:-
transcript:AT1G50180.1  -          NB-ARC               PF00931.28   1.3e-63  215.2   2.4   2.6e-63  214.2   0.2   2.2   2   0   0   2   2   1   1 gene_id:gene:AT1G50180 chromosome:1 strand:+
transcript:AT1G59780.1  -          NB-ARC               PF00931.28   1.3e-62  211.9   0.7   2.3e-62  211.1   0.7   1.4   1   0   0   1   1   1   1 gene_id:gene:AT1G59780 chromosome:1 strand:-
transcript:AT1G52660.1  -          NB-ARC               PF00931.28   1.1e-60  205.6   0.3   1.1e-60  205.6   0.3   1.7   2   0   0   2   2   1   1 gene_id:gene:AT1G52660 chromosome:1 strand:+
transcript:AT5G47250.1  -          NB-ARC               PF00931.28   1.5e-60  205.2   2.1   2.4e-60  204.5   2.1   1.3   1   0   0   1   1   1   1 gene_id:gene:AT5G47250 chromosome:5 strand:-
transcript:AT5G47260.1  -          NB-ARC               PF00931.28   1.2e-58  198.9   0.4   5.2e-57  193.5   0.0   2.6   2   0   0   2   2   1   1 gene_id:gene:AT5G47260 chromosome:5 strand:+
transcript:AT3G46530.1  -          NB-ARC               PF00931.28   1.2e-57  195.6   0.1   2.2e-57  194.7   0.1   1.4   1   0   0   1   1   1   1 gene_id:gene:AT3G46530 chromosome:3 strand:-
transcript:AT3G15700.1  -          NB-ARC               PF00931.28   1.4e-57  195.4   0.2   2.9e-57  194.4   0.2   1.4   1   0   0   1   1   1   1 gene_id:gene:AT3G15700 chromosome:3 strand:-
transcript:AT3G46730.1  -          NB-ARC               PF00931.28   1.7e-55  188.6   0.5   2.7e-55  187.9   0.5   1.3   1   0   0   1   1   1   1 gene_id:gene:AT3G46730 chromosome:3 strand:-
transcript:AT4G27190.1  -          NB-ARC               PF00931.28   1.9e-53  181.9   0.6   1.9e-53  181.9   0.6   1.9   2   0   0   2   2   1   1 gene_id:gene:AT4G27190 chromosome:4 strand:-
transcript:AT4G27220.2  -          NB-ARC               PF00931.28   7.8e-53  179.9   1.8   1.3e-52  179.1   1.8   1.4   1   0   0   1   1   1   1 gene_id:gene:AT4G27220 chromosome:4 strand:-
transcript:AT3G46710.1  -          NB-ARC               PF00931.28     1e-49  169.7   1.5   2.4e-49  168.4   1.5   1.6   1   0   0   1   1   1   1 gene_id:gene:AT3G46710 chromosome:3 strand:-
transcript:AT3G14460.1  -          NB-ARC               PF00931.28   2.5e-48  165.1   0.1   5.3e-48  164.0   0.0   1.5   2   0   0   2   2   1   1 gene_id:gene:AT3G14460 chromosome:3 strand:-
transcript:AT3G14470.1  -          NB-ARC               PF00931.28   9.1e-46  156.7   0.0   2.4e-45  155.4   0.0   1.7   2   0   0   2   2   1   1 gene_id:gene:AT3G14470 chromosome:3 strand:+
transcript:AT4G19500.1  -          NB-ARC               PF00931.28   3.6e-37  128.6   0.0     2e-19   70.5   0.0   2.5   2   0   0   2   2   2   2 gene_id:gene:AT4G19500 chromosome:4 strand:+
transcript:AT4G36140.1  -          NB-ARC               PF00931.28   5.8e-35  121.3   0.0   1.6e-21   77.3   0.0   2.6   2   0   0   2   2   2   2 gene_id:gene:AT4G36140 chromosome:4 strand:-
transcript:AT5G48780.1  -          NB-ARC               PF00931.28   1.5e-33  116.7   0.0   3.7e-18   66.3   0.1   2.7   2   1   0   2   2   2   2 gene_id:gene:AT5G48780 chromosome:5 strand:+
transcript:AT5G48770.1  -          NB-ARC               PF00931.28   2.5e-29  102.8   0.0   4.1e-29  102.2   0.0   1.3   1   0   0   1   1   1   1 gene_id:gene:AT5G48770 chromosome:5 strand:-
transcript:AT5G36930.2  -          NB-ARC               PF00931.28   5.6e-29  101.7   0.0     1e-28  100.9   0.0   1.3   1   0   0   1   1   1   1 gene_id:gene:AT5G36930 chromosome:5 strand:-
transcript:AT5G41750.1  -          NB-ARC               PF00931.28   5.8e-29  101.7   0.1   9.4e-29  101.0   0.1   1.3   1   0   0   1   1   1   1 gene_id:gene:AT5G41750 chromosome:5 strand:+
transcript:AT1G27170.1  -          NB-ARC               PF00931.28   6.2e-29  101.6   0.3   1.3e-28  100.6   0.3   1.4   1   0   0   1   1   1   1 gene_id:gene:AT1G27170 chromosome:1 strand:+
transcript:AT5G17680.2  -          NB-ARC               PF00931.28     7e-29  101.4   0.0   1.8e-28  100.0   0.0   1.7   1   0   0   1   1   1   1 gene_id:gene:AT5G17680 chromosome:5 strand:+
transcript:AT5G04720.1  -          NB-ARC               PF00931.28   7.3e-29  101.3   0.1   5.7e-28   98.4   0.1   2.3   1   1   0   1   1   1   1 gene_id:gene:AT5G04720 chromosome:5 strand:+
transcript:AT4G33300.1  -          NB-ARC               PF00931.28     2e-28   99.9   0.4   5.4e-28   98.5   0.0   1.9   2   1   0   2   2   1   1 gene_id:gene:AT4G33300 chromosome:4 strand:-
transcript:AT1G27180.1  -          NB-ARC               PF00931.28   1.5e-27   97.0   0.4   3.1e-27   96.0   0.4   1.4   1   0   0   1   1   1   1 gene_id:gene:AT1G27180 chromosome:1 strand:+
transcript:AT5G41740.2  -          NB-ARC               PF00931.28     4e-27   95.7   0.1   6.5e-27   95.0   0.1   1.3   1   0   0   1   1   1   1 gene_id:gene:AT5G41740 chromosome:5 strand:+
transcript:AT1G63740.2  -          NB-ARC               PF00931.28   4.8e-27   95.4   0.3   1.5e-26   93.8   0.0   1.9   2   0   0   2   2   1   1 gene_id:gene:AT1G63740 chromosome:1 strand:+
transcript:AT4G09430.1  -          NB-ARC               PF00931.28   1.5e-26   93.8   0.0   5.9e-26   91.8   0.0   1.9   1   1   1   2   2   1   1 gene_id:gene:AT4G09430 chromosome:4 strand:+
transcript:AT2G17060.1  -          NB-ARC               PF00931.28   2.1e-26   93.3   0.2   1.9e-25   90.2   0.0   2.3   2   0   0   2   2   1   1 gene_id:gene:AT2G17060 chromosome:2 strand:+
transcript:AT4G12010.1  -          NB-ARC               PF00931.28   3.4e-26   92.6   0.0   5.9e-26   91.8   0.0   1.3   1   0   0   1   1   1   1 gene_id:gene:AT4G12010 chromosome:4 strand:-
transcript:AT1G33560.1  -          NB-ARC               PF00931.28   4.8e-26   92.1   4.2   5.7e-18   65.7   0.0   2.9   2   1   1   3   3   2   2 gene_id:gene:AT1G33560 chromosome:1 strand:+
transcript:AT5G45250.1  -          NB-ARC               PF00931.28   8.3e-26   91.3   0.2   1.4e-25   90.6   0.2   1.3   1   0   0   1   1   1   1 gene_id:gene:AT5G45250 chromosome:5 strand:-
transcript:AT5G45210.4  -          NB-ARC               PF00931.28   4.1e-25   89.1   0.0   1.7e-24   87.0   0.0   1.9   1   1   0   1   1   1   1 gene_id:gene:AT5G45210 chromosome:5 strand:+
transcript:AT1G63870.1  -          NB-ARC               PF00931.28   6.1e-25   88.5   0.1   1.2e-24   87.6   0.1   1.4   1   0   0   1   1   1   1 gene_id:gene:AT1G63870 chromosome:1 strand:-
transcript:AT5G41550.1  -          NB-ARC               PF00931.28   1.1e-24   87.7   0.1   2.4e-24   86.5   0.1   1.6   1   0   0   1   1   1   1 gene_id:gene:AT5G41550 chromosome:5 strand:-
transcript:AT3G51560.1  -          NB-ARC               PF00931.28   1.1e-24   87.6   0.0     2e-24   86.8   0.0   1.3   1   0   0   1   1   1   1 gene_id:gene:AT3G51560 chromosome:3 strand:-
transcript:AT5G45440.1  -          NB-ARC               PF00931.28   3.9e-24   85.9   1.2   4.2e-23   82.5   1.2   2.2   1   1   0   1   1   1   1 gene_id:gene:AT5G45440 chromosome:5 strand:-
transcript:AT1G63880.1  -          NB-ARC               PF00931.28   4.7e-24   85.6   0.4   1.3e-23   84.1   0.0   1.9   2   0   0   2   2   1   1 gene_id:gene:AT1G63880 chromosome:1 strand:-
transcript:AT1G72840.2  -          NB-ARC               PF00931.28   5.6e-24   85.4   0.0   9.9e-24   84.5   0.0   1.4   1   0   0   1   1   1   1 gene_id:gene:AT1G72840 chromosome:1 strand:-
transcript:AT5G41540.1  -          NB-ARC               PF00931.28   6.6e-24   85.1   0.2   1.2e-23   84.2   0.2   1.4   1   0   0   1   1   1   1 gene_id:gene:AT5G41540 chromosome:5 strand:-
transcript:AT5G45050.1  -          NB-ARC               PF00931.28   8.6e-24   84.7   0.0     2e-23   83.5   0.0   1.6   1   0   0   1   1   1   1 gene_id:gene:AT5G45050 chromosome:5 strand:-
transcript:AT5G45490.1  -          NB-ARC               PF00931.28   1.2e-23   84.3   3.9   3.4e-22   79.5   3.9   2.5   1   1   0   1   1   1   1 gene_id:gene:AT5G45490 chromosome:5 strand:+
transcript:AT5G40910.1  -          NB-ARC               PF00931.28     2e-23   83.6   0.0   3.3e-23   82.8   0.0   1.3   1   0   0   1   1   1   1 gene_id:gene:AT5G40910 chromosome:5 strand:+
transcript:AT4G36150.1  -          NB-ARC               PF00931.28   2.5e-23   83.2   0.3     4e-23   82.6   0.3   1.3   1   0   0   1   1   1   1 gene_id:gene:AT4G36150 chromosome:4 strand:+
transcript:AT4G11170.1  -          NB-ARC               PF00931.28   2.9e-23   83.0   0.0   5.5e-23   82.1   0.0   1.4   1   0   0   1   1   1   1 gene_id:gene:AT4G11170 chromosome:4 strand:+
transcript:AT5G38850.1  -          NB-ARC               PF00931.28   4.6e-23   82.3   0.1   1.3e-22   80.9   0.0   1.7   2   0   0   2   2   1   1 gene_id:gene:AT5G38850 chromosome:5 strand:+
transcript:AT5G58120.1  -          NB-ARC               PF00931.28   4.7e-23   82.3   0.0   1.5e-22   80.7   0.0   1.8   2   0   0   2   2   1   1 gene_id:gene:AT5G58120 chromosome:5 strand:+
transcript:AT4G19510.4  -          NB-ARC               PF00931.28   6.1e-23   82.0   0.0   1.5e-22   80.7   0.0   1.5   1   0   0   1   1   1   1 gene_id:gene:AT4G19510 chromosome:4 strand:+
transcript:AT1G17600.1  -          NB-ARC               PF00931.28   6.5e-23   81.9   0.0     1e-22   81.2   0.0   1.3   1   0   0   1   1   1   1 gene_id:gene:AT1G17600 chromosome:1 strand:-
transcript:AT5G40100.1  -          NB-ARC               PF00931.28   1.3e-22   80.9   0.0   2.7e-22   79.8   0.0   1.5   1   0   0   1   1   1   1 gene_id:gene:AT5G40100 chromosome:5 strand:+
transcript:AT1G63750.3  -          NB-ARC               PF00931.28   1.3e-22   80.9   0.0   2.5e-22   79.9   0.0   1.4   1   0   0   1   1   1   1 gene_id:gene:AT1G63750 chromosome:1 strand:+
transcript:AT5G66910.1  -          NB-ARC               PF00931.28   1.3e-22   80.8   0.0   4.4e-22   79.2   0.0   1.9   1   1   0   1   1   1   1 gene_id:gene:AT5G66910 chromosome:5 strand:-
transcript:AT3G04220.3  -          NB-ARC               PF00931.28   1.4e-22   80.8   0.0   2.5e-22   80.0   0.0   1.4   1   0   0   1   1   1   1 gene_id:gene:AT3G04220 chromosome:3 strand:-
transcript:AT5G17970.1  -          NB-ARC               PF00931.28   1.5e-22   80.7   0.0   2.6e-22   79.9   0.0   1.4   1   0   0   1   1   1   1 gene_id:gene:AT5G17970 chromosome:5 strand:-
transcript:AT5G47280.1  -          NB-ARC               PF00931.28   1.7e-22   80.5   0.0   2.9e-22   79.7   0.0   1.4   1   0   0   1   1   1   1 gene_id:gene:AT5G47280 chromosome:5 strand:+
transcript:AT1G72860.2  -          NB-ARC               PF00931.28   2.1e-22   80.2   0.0   4.1e-22   79.3   0.0   1.5   1   0   0   1   1   1   1 gene_id:gene:AT1G72860 chromosome:1 strand:-
transcript:AT5G66900.2  -          NB-ARC               PF00931.28   2.3e-22   80.0   0.0   9.9e-22   78.0   0.0   2.0   2   0   0   2   2   1   1 gene_id:gene:AT5G66900 chromosome:5 strand:-
transcript:AT5G45260.1  -          NB-ARC               PF00931.28   2.6e-22   79.9   0.0     5e-22   78.9   0.0   1.4   1   0   0   1   1   1   1 gene_id:gene:AT5G45260 chromosome:5 strand:+
transcript:AT1G72850.1  -          NB-ARC               PF00931.28   2.7e-22   79.9   0.0   4.6e-22   79.1   0.0   1.4   1   0   0   1   1   1   1 gene_id:gene:AT1G72850 chromosome:1 strand:+
transcript:AT5G45230.1  -          NB-ARC               PF00931.28   6.8e-22   78.5   1.2   1.1e-21   77.8   1.2   1.3   1   0   0   1   1   1   1 gene_id:gene:AT5G45230 chromosome:5 strand:-
transcript:AT1G64070.1  -          NB-ARC               PF00931.28   9.3e-22   78.1   0.0   1.6e-21   77.3   0.0   1.4   1   0   0   1   1   1   1 gene_id:gene:AT1G64070 chromosome:1 strand:+
transcript:AT3G04210.1  -          NB-ARC               PF00931.28   9.7e-22   78.0   0.0   1.6e-21   77.3   0.0   1.3   1   0   0   1   1   1   1 gene_id:gene:AT3G04210 chromosome:3 strand:-
transcript:AT1G56510.1  -          NB-ARC               PF00931.28   1.1e-21   77.9   0.1   1.8e-21   77.1   0.1   1.3   1   0   0   1   1   1   1 gene_id:gene:AT1G56510 chromosome:1 strand:+
transcript:AT3G51570.1  -          NB-ARC               PF00931.28   1.9e-21   77.1   0.0   4.8e-21   75.8   0.0   1.7   1   1   0   1   1   1   1 gene_id:gene:AT3G51570 chromosome:3 strand:+
transcript:AT5G18350.1  -          NB-ARC               PF00931.28   5.2e-21   75.6   0.0     1e-20   74.7   0.0   1.4   1   0   0   1   1   1   1 gene_id:gene:AT5G18350 chromosome:5 strand:-
transcript:AT3G44670.1  -          NB-ARC               PF00931.28   7.6e-21   75.1   0.0   2.2e-20   73.6   0.0   1.8   1   0   0   1   1   1   1 gene_id:gene:AT3G44670 chromosome:3 strand:+
transcript:AT5G49140.1  -          NB-ARC               PF00931.28   8.1e-21   75.0   0.2   1.5e-20   74.1   0.2   1.4   1   0   0   1   1   1   1 gene_id:gene:AT5G49140 chromosome:5 strand:-
transcript:AT5G17890.1  -          NB-ARC               PF00931.28   8.7e-21   74.9   0.0   1.9e-20   73.8   0.0   1.5   1   0   0   1   1   1   1 gene_id:gene:AT5G17890 chromosome:5 strand:+
transcript:AT2G16870.1  -          NB-ARC               PF00931.28   1.1e-20   74.5   0.0   2.7e-20   73.3   0.0   1.6   1   0   0   1   1   1   1 gene_id:gene:AT2G16870 chromosome:2 strand:-
transcript:AT1G56540.1  -          NB-ARC               PF00931.28   1.2e-20   74.5   0.0   2.6e-20   73.4   0.0   1.6   1   0   0   1   1   1   1 gene_id:gene:AT1G56540 chromosome:1 strand:+
transcript:AT5G44870.1  -          NB-ARC               PF00931.28   1.4e-20   74.3   0.5   2.3e-20   73.5   0.5   1.3   1   0   0   1   1   1   1 gene_id:gene:AT5G44870 chromosome:5 strand:+
transcript:AT3G44480.3  -          NB-ARC               PF00931.28   1.6e-20   74.0   0.0   4.3e-20   72.6   0.0   1.7   1   0   0   1   1   1   1 gene_id:gene:AT3G44480 chromosome:3 strand:-
transcript:AT4G19520.1  -          NB-ARC               PF00931.28     2e-20   73.7   0.0   4.3e-20   72.6   0.0   1.5   1   0   0   1   1   1   1 gene_id:gene:AT4G19520 chromosome:4 strand:-
transcript:AT5G45200.1  -          NB-ARC               PF00931.28   2.1e-20   73.6   0.0   4.3e-20   72.6   0.0   1.5   1   0   0   1   1   1   1 gene_id:gene:AT5G45200 chromosome:5 strand:-
transcript:AT1G63730.1  -          NB-ARC               PF00931.28   2.3e-20   73.5   0.1   1.3e-19   71.1   0.0   2.1   2   0   0   2   2   1   1 gene_id:gene:AT1G63730 chromosome:1 strand:+
transcript:AT4G19060.1  -          NB-ARC               PF00931.28   2.5e-20   73.4   6.1   8.9e-19   68.3   6.1   3.1   1   1   0   1   1   1   1 gene_id:gene:AT4G19060 chromosome:4 strand:-
transcript:AT2G14080.1  -          NB-ARC               PF00931.28   2.7e-20   73.3   0.0   5.3e-20   72.3   0.0   1.4   1   0   0   1   1   1   1 gene_id:gene:AT2G14080 chromosome:2 strand:+
transcript:AT3G44630.3  -          NB-ARC               PF00931.28   3.2e-20   73.0   0.0   1.2e-19   71.1   0.0   2.0   2   0   0   2   2   1   1 gene_id:gene:AT3G44630 chromosome:3 strand:+
transcript:AT3G25510.1  -          NB-ARC               PF00931.28   3.6e-20   72.9   0.1   7.2e-20   71.9   0.0   1.5   2   0   0   2   2   1   1 gene_id:gene:AT3G25510 chromosome:3 strand:-
transcript:AT4G14370.2  -          NB-ARC               PF00931.28   3.7e-20   72.8   0.0   9.2e-20   71.5   0.0   1.7   1   0   0   1   1   1   1 gene_id:gene:AT4G14370 chromosome:4 strand:-
transcript:AT4G09420.1  -          NB-ARC               PF00931.28     4e-20   72.7   0.2     8e-20   71.7   0.2   1.4   1   0   0   1   1   1   1 gene_id:gene:AT4G09420 chromosome:4 strand:-
transcript:AT5G46260.1  -          NB-ARC               PF00931.28   4.3e-20   72.6   0.0   9.2e-20   71.5   0.0   1.5   1   0   0   1   1   1   1 gene_id:gene:AT5G46260 chromosome:5 strand:-
transcript:AT1G72870.1  -          NB-ARC               PF00931.28   4.6e-20   72.5   0.1   1.6e-19   70.8   0.0   1.8   3   0   0   3   3   1   1 gene_id:gene:AT1G72870 chromosome:1 strand:+
transcript:AT5G51630.1  -          NB-ARC               PF00931.28   4.7e-20   72.5   0.0   8.9e-20   71.6   0.0   1.4   1   0   0   1   1   1   1 gene_id:gene:AT5G51630 chromosome:5 strand:+
transcript:AT4G08450.1  -          NB-ARC               PF00931.28     6e-20   72.1   0.0   1.1e-19   71.3   0.0   1.4   1   0   0   1   1   1   1 gene_id:gene:AT4G08450 chromosome:4 strand:+
transcript:AT5G18360.1  -          NB-ARC               PF00931.28   7.9e-20   71.8   0.0   1.7e-19   70.6   0.0   1.5   1   0   0   1   1   1   1 gene_id:gene:AT5G18360 chromosome:5 strand:-
transcript:AT5G11250.2  -          NB-ARC               PF00931.28   1.2e-19   71.1   0.0   2.1e-19   70.4   0.0   1.3   1   0   0   1   1   1   1 gene_id:gene:AT5G11250 chromosome:5 strand:-
transcript:AT1G65850.2  -          NB-ARC               PF00931.28   2.5e-19   70.1   0.0   6.2e-19   68.8   0.0   1.6   1   0   0   1   1   1   1 gene_id:gene:AT1G65850 chromosome:1 strand:+
transcript:AT5G45060.1  -          NB-ARC               PF00931.28   3.8e-19   69.5   0.0   9.3e-19   68.3   0.0   1.7   1   0   0   1   1   1   1 gene_id:gene:AT5G45060 chromosome:5 strand:+
transcript:AT1G66090.1  -          NB-ARC               PF00931.28   3.9e-19   69.5   0.0   1.8e-18   67.3   0.0   2.0   2   1   1   3   3   1   1 gene_id:gene:AT1G66090 chromosome:1 strand:+
transcript:AT5G44510.1  -          NB-ARC               PF00931.28   6.4e-19   68.8   0.0   1.2e-18   67.9   0.0   1.4   1   0   0   1   1   1   1 gene_id:gene:AT5G44510 chromosome:5 strand:-
transcript:AT5G18370.1  -          NB-ARC               PF00931.28   8.4e-19   68.4   0.0   1.9e-18   67.2   0.0   1.6   1   0   0   1   1   1   1 gene_id:gene:AT5G18370 chromosome:5 strand:-
transcript:AT5G38350.1  -          NB-ARC               PF00931.28   1.6e-18   67.4   0.0   3.4e-18   66.4   0.0   1.5   1   0   0   1   1   1   1 gene_id:gene:AT5G38350 chromosome:5 strand:+
transcript:AT5G17880.1  -          NB-ARC               PF00931.28     2e-18   67.2   0.0   3.9e-18   66.2   0.0   1.5   1   0   0   1   1   1   1 gene_id:gene:AT5G17880 chromosome:5 strand:-
transcript:AT4G16960.1  -          NB-ARC               PF00931.28   2.3e-18   66.9   0.2     4e-18   66.2   0.2   1.4   1   0   0   1   1   1   1 gene_id:gene:AT4G16960 chromosome:4 strand:-
transcript:AT5G46450.1  -          NB-ARC               PF00931.28   3.5e-18   66.4   0.0     1e-17   64.9   0.0   1.8   1   0   0   1   1   1   1 gene_id:gene:AT5G46450 chromosome:5 strand:+
transcript:AT4G16940.2  -          NB-ARC               PF00931.28   3.6e-18   66.3   0.2   5.7e-18   65.7   0.2   1.3   1   0   0   1   1   1   1 gene_id:gene:AT4G16940 chromosome:4 strand:-
transcript:AT4G16900.1  -          NB-ARC               PF00931.28   5.3e-18   65.8   0.0   8.8e-18   65.1   0.0   1.3   1   0   0   1   1   1   1 gene_id:gene:AT4G16900 chromosome:4 strand:-
transcript:AT4G12020.2  -          NB-ARC               PF00931.28   5.4e-18   65.7   0.2   1.1e-17   64.7   0.2   1.5   1   0   0   1   1   1   1 gene_id:gene:AT4G12020 chromosome:4 strand:+
transcript:AT4G09360.1  -          NB-ARC               PF00931.28   5.6e-18   65.7   0.0   9.1e-18   65.0   0.0   1.2   1   0   0   1   1   1   1 gene_id:gene:AT4G09360 chromosome:4 strand:+
transcript:AT5G38340.1  -          NB-ARC               PF00931.28   6.4e-18   65.5   0.0   1.7e-17   64.1   0.0   1.7   2   0   0   2   2   1   1 gene_id:gene:AT5G38340 chromosome:5 strand:+
transcript:AT4G16920.2  -          NB-ARC               PF00931.28   2.3e-17   63.7   0.1     5e-17   62.6   0.1   1.6   1   0   0   1   1   1   1 gene_id:gene:AT4G16920 chromosome:4 strand:-
transcript:AT5G40090.1  -          NB-ARC               PF00931.28   3.4e-17   63.1   0.0   1.4e-16   61.1   0.0   2.0   1   1   1   2   2   1   1 gene_id:gene:AT5G40090 chromosome:5 strand:-
transcript:AT4G16860.1  -          NB-ARC               PF00931.28   7.6e-17   62.0   0.3   3.4e-16   59.9   0.1   1.9   2   0   0   2   2   1   1 gene_id:gene:AT4G16860 chromosome:4 strand:-
transcript:AT3G44400.1  -          NB-ARC               PF00931.28   1.9e-16   60.7   0.0   4.7e-16   59.4   0.0   1.6   1   0   0   1   1   1   1 gene_id:gene:AT3G44400 chromosome:3 strand:-
transcript:AT4G16950.1  -          NB-ARC               PF00931.28   2.6e-16   60.2   0.0   5.3e-16   59.2   0.0   1.5   1   0   0   1   1   1   1 gene_id:gene:AT4G16950 chromosome:4 strand:-
transcript:AT5G45240.1  -          NB-ARC               PF00931.28   2.8e-16   60.1   0.0   5.4e-16   59.2   0.0   1.4   1   0   0   1   1   1   1 gene_id:gene:AT5G45240 chromosome:5 strand:+
transcript:AT4G16890.1  -          NB-ARC               PF00931.28     3e-16   60.0   0.1   5.7e-16   59.1   0.1   1.4   1   0   0   1   1   1   1 gene_id:gene:AT4G16890 chromosome:4 strand:-
transcript:AT5G46270.4  -          NB-ARC               PF00931.28   8.1e-16   58.6   0.0   1.6e-15   57.6   0.0   1.4   1   0   0   1   1   1   1 gene_id:gene:AT5G46270 chromosome:5 strand:-
transcript:AT5G22690.2  -          NB-ARC               PF00931.28   9.1e-16   58.4   0.0   1.7e-15   57.6   0.0   1.4   1   0   0   1   1   1   1 gene_id:gene:AT5G22690 chromosome:5 strand:+
transcript:AT5G40060.1  -          NB-ARC               PF00931.28   1.1e-15   58.2   0.0     2e-15   57.3   0.0   1.4   1   0   0   1   1   1   1 gene_id:gene:AT5G40060 chromosome:5 strand:+
transcript:AT1G56520.2  -          NB-ARC               PF00931.28   1.2e-15   58.0   0.0   2.8e-15   56.8   0.0   1.5   1   0   0   1   1   1   1 gene_id:gene:AT1G56520 chromosome:1 strand:-
transcript:AT5G46520.2  -          NB-ARC               PF00931.28   1.6e-15   57.7   0.0   4.2e-15   56.3   0.0   1.7   1   1   0   1   1   1   1 gene_id:gene:AT5G46520 chromosome:5 strand:+
transcript:AT1G17610.1  -          NB-ARC               PF00931.28   2.1e-15   57.3   0.1   4.6e-15   56.1   0.1   1.6   1   0   0   1   1   1   1 gene_id:gene:AT1G17610 chromosome:1 strand:+
transcript:AT1G31540.2  -          NB-ARC               PF00931.28   2.1e-15   57.2   0.0   4.3e-15   56.3   0.0   1.4   1   0   0   1   1   1   1 gene_id:gene:AT1G31540 chromosome:1 strand:-
transcript:AT5G46470.1  -          NB-ARC               PF00931.28   2.6e-15   57.0   0.0   4.8e-15   56.1   0.0   1.4   1   0   0   1   1   1   1 gene_id:gene:AT5G46470 chromosome:5 strand:+
transcript:AT5G46510.1  -          NB-ARC               PF00931.28   2.9e-15   56.8   0.0   6.7e-15   55.6   0.0   1.6   1   0   0   1   1   1   1 gene_id:gene:AT5G46510 chromosome:5 strand:+
transcript:AT1G72890.2  -          NB-ARC               PF00931.28   7.2e-15   55.5   0.0   1.5e-14   54.4   0.0   1.4   1   0   0   1   1   1   1 gene_id:gene:AT1G72890 chromosome:1 strand:+
transcript:AT2G17050.2  -          NB-ARC               PF00931.28   1.2e-14   54.7   0.0   2.6e-13   50.4   0.0   2.3   1   1   0   1   1   1   1 gene_id:gene:AT2G17050 chromosome:2 strand:-
transcript:AT5G46490.2  -          NB-ARC               PF00931.28   3.1e-14   53.4   0.0   6.7e-14   52.3   0.0   1.6   1   0   0   1   1   1   1 gene_id:gene:AT5G46490 chromosome:5 strand:+
transcript:AT1G69550.1  -          NB-ARC               PF00931.28   1.9e-13   50.9   0.0   3.1e-13   50.2   0.0   1.3   1   0   0   1   1   1   1 gene_id:gene:AT1G69550 chromosome:1 strand:-
transcript:AT4G16990.12 -          NB-ARC               PF00931.28   4.5e-13   49.6   0.0   8.1e-13   48.8   0.0   1.4   1   0   0   1   1   1   1 gene_id:gene:AT4G16990 chromosome:4 strand:+
transcript:AT5G66630.1  -          NB-ARC               PF00931.28   7.4e-13   48.9   0.2   1.8e-12   47.7   0.1   1.7   2   0   0   2   2   1   1 gene_id:gene:AT5G66630 chromosome:5 strand:+
transcript:AT4G19530.2  -          NB-ARC               PF00931.28   9.8e-13   48.5   0.3   2.6e-12   47.1   0.1   1.7   2   0   0   2   2   1   1 gene_id:gene:AT4G19530 chromosome:4 strand:+
transcript:AT4G19050.1  -          NB-ARC               PF00931.28   1.1e-12   48.4   3.4     3e-12   46.9   3.4   1.8   1   0   0   1   1   1   1 gene_id:gene:AT4G19050 chromosome:4 strand:-
transcript:AT1G63860.1  -          NB-ARC               PF00931.28     5e-12   46.2   2.3   3.1e-09   37.1   0.0   2.8   2   1   1   3   3   1   1 gene_id:gene:AT1G63860 chromosome:1 strand:-
transcript:AT1G72940.1  -          NB-ARC               PF00931.28   2.8e-11   43.8   0.0   6.8e-10   39.2   0.0   2.4   1   1   0   1   1   1   1 gene_id:gene:AT1G72940 chromosome:1 strand:+
transcript:AT1G72950.1  -          NB-ARC               PF00931.28   1.4e-09   38.2   0.9     6e-09   36.1   0.1   2.3   3   1   0   3   3   1   1 gene_id:gene:AT1G72950 chromosome:1 strand:+
transcript:AT4G23440.1  -          NB-ARC               PF00931.28   5.3e-08   33.0   0.0   1.1e-07   32.0   0.0   1.4   1   0   0   1   1   1   1 gene_id:gene:AT4G23440 chromosome:4 strand:+
transcript:AT1G72910.1  -          NB-ARC               PF00931.28   8.3e-08   32.4   0.2   4.7e-07   29.9   0.0   2.2   2   1   0   2   2   1   1 gene_id:gene:AT1G72910 chromosome:1 strand:+
transcript:AT1G17615.1  -          NB-ARC               PF00931.28   1.3e-06   28.5   0.0   3.7e-06   27.0   0.0   1.7   1   1   0   1   1   1   1 gene_id:gene:AT1G17615 chromosome:1 strand:+
transcript:AT1G72900.1  -          NB-ARC               PF00931.28   1.9e-06   27.9   0.4   6.1e-06   26.3   0.0   2.0   2   1   0   2   2   1   1 gene_id:gene:AT1G72900 chromosome:1 strand:+
transcript:AT5G56220.1  -          NB-ARC               PF00931.28   3.7e-06   27.0   0.1   2.2e-05   24.5   0.0   2.0   2   0   0   2   2   1   1 gene_id:gene:AT5G56220 chromosome:5 strand:+
transcript:AT3G25505.1  -          NB-ARC               PF00931.28     1e-05   25.5   0.0   2.2e-05   24.4   0.0   1.5   1   1   0   1   1   1   1 gene_id:gene:AT3G25505 chromosome:3 strand:-
transcript:AT2G01460.1  -          NB-ARC               PF00931.28   2.7e-05   24.1   1.3     0.051   13.4   0.1   2.3   2   0   0   2   2   0   0 gene_id:gene:AT2G01460 chromosome:2 strand:+
#
# Program:         hmmsearch
# Version:         3.3.2 (Nov 2020)
# Pipeline mode:   SEARCH
# Query file:      /home/wangys/data/work/nbs/manuscript/data_analysis/accuracy_assessment/reference_genes/arabidopsis/NBS_domain.hmm
# Target file:     /home/wangys/data/work/nbs/manuscript/data_analysis/accuracy_assessment/reference_genes/arabidopsis/arabidopsis_proteins.fasta
# Option settings: hmmsearch --tblout /home/wangys/data/work/nbs/manuscript/data_analysis/accuracy_assessment/reference_genes/arabidopsis/arabidopsis_hmmsearch.out --cut_ga /home/wangys/data/work/nbs/manuscript/data_analysis/accuracy_assessment/reference_genes/arabidopsis/NBS_domain.hmm /home/wangys/data/work/nbs/manuscript/data_analysis/accuracy_assessment/reference_genes/arabidopsis/arabidopsis_proteins.fasta 
# Current dir:     /data/usdata/wangys/work/nbs
# Date:            Sun Jun 29 10:37:23 2025
# [ok]
