#                                                               --- full sequence ---- --- best 1 domain ---- --- domain number estimation ----
# target name        accession  query name           accession    E-value  score  bias   E-value  score  bias   exp reg clu  ov env dom rep inc description of target
#------------------- ---------- -------------------- ---------- --------- ------ ----- --------- ------ -----   --- --- --- --- --- --- --- --- ---------------------
LOC_Os08g42710.1     -          NB-ARC               PF00931.28   4.5e-65  220.5   3.7   3.5e-40  138.9   0.0   4.2   3   2   0   3   3   3   3 gene_id:LOC_Os08g42710 chromosome:Chr8 strand:+
LOC_Os11g44990.1     -          NB-ARC               PF00931.28   1.2e-61  209.3   2.4   4.5e-46  158.2   0.5   2.2   2   0   0   2   2   2   2 gene_id:LOC_Os11g44990 chromosome:Chr11 strand:+
LOC_Os07g08890.1     -          NB-ARC               PF00931.28   7.9e-61  206.6   1.3   1.2e-60  206.0   1.3   1.3   1   0   0   1   1   1   1 gene_id:LOC_Os07g08890 chromosome:Chr7 strand:+
LOC_Os11g41540.1     -          NB-ARC               PF00931.28   2.5e-60  204.9   0.5   3.5e-60  204.5   0.5   1.1   1   0   0   1   1   1   1 gene_id:LOC_Os11g41540 chromosome:Chr11 strand:+
LOC_Os08g42670.1     -          NB-ARC               PF00931.28   6.2e-60  203.7   3.6     8e-47  160.7   0.3   2.5   2   0   0   2   2   2   2 gene_id:LOC_Os08g42670 chromosome:Chr8 strand:-
LOC_Os12g31620.1     -          NB-ARC               PF00931.28   2.2e-59  201.9   3.4   4.8e-59  200.7   0.2   2.6   3   0   0   3   3   1   1 gene_id:LOC_Os12g31620 chromosome:Chr12 strand:-
LOC_Os08g42700.1     -          NB-ARC               PF00931.28   2.7e-59  201.5   0.1   6.3e-46  157.8   0.1   2.7   3   0   0   3   3   2   2 gene_id:LOC_Os08g42700 chromosome:Chr8 strand:+
LOC_Os09g09490.1     -          NB-ARC               PF00931.28   6.5e-58  197.0   0.3   6.5e-58  197.0   0.3   1.7   2   0   0   2   2   1   1 gene_id:LOC_Os09g09490 chromosome:Chr9 strand:+
LOC_Os08g43010.1     -          NB-ARC               PF00931.28   4.5e-57  194.3   0.4   4.5e-57  194.3   0.4   1.5   2   0   0   2   2   1   1 gene_id:LOC_Os08g43010 chromosome:Chr8 strand:-
LOC_Os01g72680.1     -          NB-ARC               PF00931.28   1.5e-56  192.6   0.0   2.2e-56  192.0   0.0   1.3   1   0   0   1   1   1   1 gene_id:LOC_Os01g72680 chromosome:Chr1 strand:+
LOC_Os04g02860.1     -          NB-ARC               PF00931.28   1.1e-55  189.8   0.4   2.3e-55  188.7   0.4   1.5   1   0   0   1   1   1   1 gene_id:LOC_Os04g02860 chromosome:Chr4 strand:+
LOC_Os11g29980.1     -          NB-ARC               PF00931.28   2.8e-55  188.4   0.1   2.8e-55  188.4   0.1   2.0   3   0   0   3   3   1   1 gene_id:LOC_Os11g29980 chromosome:Chr11 strand:-
LOC_Os10g10360.1     -          NB-ARC               PF00931.28   3.8e-55  188.0   0.2   7.7e-55  186.9   0.2   1.5   1   0   0   1   1   1   1 gene_id:LOC_Os10g10360 chromosome:Chr10 strand:-
LOC_Os04g46300.1     -          NB-ARC               PF00931.28   5.2e-55  187.5   0.0   8.5e-55  186.8   0.0   1.3   1   0   0   1   1   1   1 gene_id:LOC_Os04g46300 chromosome:Chr4 strand:-
LOC_Os02g09790.1     -          NB-ARC               PF00931.28   5.5e-55  187.4   0.3   9.6e-55  186.6   0.3   1.4   1   0   0   1   1   1   1 gene_id:LOC_Os02g09790 chromosome:Chr2 strand:-
LOC_Os10g21400.1     -          NB-ARC               PF00931.28   1.3e-54  186.2   0.4   2.2e-54  185.4   0.4   1.3   1   0   0   1   1   1   1 gene_id:LOC_Os10g21400 chromosome:Chr10 strand:+
LOC_Os08g42930.1     -          NB-ARC               PF00931.28   1.3e-54  186.2   0.3   2.1e-54  185.5   0.3   1.3   1   0   0   1   1   1   1 gene_id:LOC_Os08g42930 chromosome:Chr8 strand:+
LOC_Os09g30220.1     -          NB-ARC               PF00931.28   1.4e-54  186.1   0.4   2.8e-54  185.1   0.4   1.5   1   0   0   1   1   1   1 gene_id:LOC_Os09g30220 chromosome:Chr9 strand:-
LOC_Os11g29970.1     -          NB-ARC               PF00931.28   7.4e-54  183.7   1.1   7.4e-54  183.7   1.1   1.6   2   0   0   2   2   1   1 gene_id:LOC_Os11g29970 chromosome:Chr11 strand:-
LOC_Os09g14060.1     -          NB-ARC               PF00931.28   9.9e-54  183.3   0.1   1.4e-53  182.8   0.1   1.2   1   0   0   1   1   1   1 gene_id:LOC_Os09g14060 chromosome:Chr9 strand:-
LOC_Os12g14330.1     -          NB-ARC               PF00931.28   1.3e-53  182.9   1.7   2.8e-53  181.9   1.7   1.5   1   0   0   1   1   1   1 gene_id:LOC_Os12g14330 chromosome:Chr12 strand:+
LOC_Os08g10440.1     -          NB-ARC               PF00931.28     2e-53  182.3   0.0   2.8e-53  181.9   0.0   1.2   1   0   0   1   1   1   1 gene_id:LOC_Os08g10440 chromosome:Chr8 strand:+
LOC_Os08g43050.1     -          NB-ARC               PF00931.28     1e-52  180.0   0.8   3.4e-52  178.3   1.0   1.7   2   0   0   2   2   1   1 gene_id:LOC_Os08g43050 chromosome:Chr8 strand:-
LOC_Os12g32590.1     -          NB-ARC               PF00931.28   1.2e-52  179.7   0.0   4.6e-43  148.4   0.0   2.2   2   0   0   2   2   2   2 gene_id:LOC_Os12g32590 chromosome:Chr12 strand:+
LOC_Os11g35580.1     -          NB-ARC               PF00931.28     2e-52  179.1   0.0   3.4e-52  178.3   0.0   1.3   1   0   0   1   1   1   1 gene_id:LOC_Os11g35580 chromosome:Chr11 strand:-
LOC_Os05g31570.1     -          NB-ARC               PF00931.28     2e-52  179.0   1.0   3.3e-52  178.3   1.0   1.3   1   0   0   1   1   1   1 gene_id:LOC_Os05g31570 chromosome:Chr5 strand:+
LOC_Os05g31530.1     -          NB-ARC               PF00931.28   2.1e-52  179.0   0.9   3.5e-52  178.2   0.9   1.3   1   0   0   1   1   1   1 gene_id:LOC_Os05g31530 chromosome:Chr5 strand:+
LOC_Os09g14100.1     -          NB-ARC               PF00931.28   4.1e-52  178.0   0.1   6.3e-52  177.4   0.1   1.2   1   0   0   1   1   1   1 gene_id:LOC_Os09g14100 chromosome:Chr9 strand:-
LOC_Os08g32880.1     -          NB-ARC               PF00931.28   4.8e-52  177.8   0.0   8.9e-52  176.9   0.0   1.3   1   0   0   1   1   1   1 gene_id:LOC_Os08g32880 chromosome:Chr8 strand:+
LOC_Os09g14010.1     -          NB-ARC               PF00931.28   5.7e-52  177.6   0.0   8.8e-52  176.9   0.0   1.3   1   0   0   1   1   1   1 gene_id:LOC_Os09g14010 chromosome:Chr9 strand:-
LOC_Os11g12040.1     -          NB-ARC               PF00931.28   5.9e-52  177.5   0.2   1.1e-51  176.7   0.2   1.4   1   0   0   1   1   1   1 gene_id:LOC_Os11g12040 chromosome:Chr11 strand:+
LOC_Os01g57870.1     -          NB-ARC               PF00931.28   6.7e-52  177.3   0.0   9.6e-52  176.8   0.0   1.2   1   0   0   1   1   1   1 gene_id:LOC_Os01g57870 chromosome:Chr1 strand:-
LOC_Os08g10430.1     -          NB-ARC               PF00931.28   8.8e-52  176.9   0.0   1.2e-51  176.6   0.0   1.2   1   0   0   1   1   1   1 gene_id:LOC_Os08g10430 chromosome:Chr8 strand:+
LOC_Os03g10900.1     -          NB-ARC               PF00931.28   2.6e-51  175.4   0.0   3.7e-51  174.9   0.0   1.2   1   0   0   1   1   1   1 gene_id:LOC_Os03g10900 chromosome:Chr3 strand:-
LOC_Os05g41290.1     -          NB-ARC               PF00931.28   2.9e-51  175.3   0.0   6.9e-51  174.0   0.0   1.7   1   0   0   1   1   1   1 gene_id:LOC_Os05g41290 chromosome:Chr5 strand:+
LOC_Os10g04674.1     -          NB-ARC               PF00931.28   2.9e-51  175.2   0.1   4.8e-51  174.5   0.1   1.3   1   0   0   1   1   1   1 gene_id:LOC_Os10g04674 chromosome:Chr10 strand:-
LOC_Os03g38250.1     -          NB-ARC               PF00931.28   3.8e-51  174.9   1.4   5.9e-51  174.2   1.4   1.3   1   0   0   1   1   1   1 gene_id:LOC_Os03g38250 chromosome:Chr3 strand:+
LOC_Os12g33160.1     -          NB-ARC               PF00931.28   6.1e-51  174.2   0.4   1.2e-50  173.2   0.4   1.5   1   0   0   1   1   1   1 gene_id:LOC_Os12g33160 chromosome:Chr12 strand:-
LOC_Os08g01580.1     -          NB-ARC               PF00931.28     9e-51  173.6   0.0   1.4e-50  173.0   0.0   1.2   1   0   0   1   1   1   1 gene_id:LOC_Os08g01580 chromosome:Chr8 strand:+
LOC_Os12g36720.1     -          NB-ARC               PF00931.28   1.2e-50  173.2   0.2   2.6e-50  172.1   0.2   1.6   1   0   0   1   1   1   1 gene_id:LOC_Os12g36720 chromosome:Chr12 strand:-
LOC_Os08g43000.1     -          NB-ARC               PF00931.28   1.7e-50  172.7   1.5   3.1e-50  171.9   0.7   1.9   2   0   0   2   2   1   1 gene_id:LOC_Os08g43000 chromosome:Chr8 strand:-
LOC_Os11g12330.1     -          NB-ARC               PF00931.28   1.9e-50  172.6   0.8   4.6e-50  171.3   0.8   1.7   1   0   0   1   1   1   1 gene_id:LOC_Os11g12330 chromosome:Chr11 strand:+
LOC_Os05g41310.1     -          NB-ARC               PF00931.28   3.3e-50  171.8   0.0   5.5e-50  171.0   0.0   1.4   1   0   0   1   1   1   1 gene_id:LOC_Os05g41310 chromosome:Chr5 strand:+
LOC_Os02g17304.1     -          NB-ARC               PF00931.28   3.8e-50  171.6   0.2   6.4e-50  170.8   0.2   1.4   1   0   0   1   1   1   1 gene_id:LOC_Os02g17304 chromosome:Chr2 strand:-
LOC_Os12g36690.1     -          NB-ARC               PF00931.28     5e-50  171.2   0.1     1e-49  170.2   0.1   1.6   1   0   0   1   1   1   1 gene_id:LOC_Os12g36690 chromosome:Chr12 strand:-
LOC_Os05g16200.1     -          NB-ARC               PF00931.28   5.1e-50  171.2   0.4   7.6e-50  170.6   0.4   1.3   1   0   0   1   1   1   1 gene_id:LOC_Os05g16200 chromosome:Chr5 strand:-
LOC_Os04g14220.1     -          NB-ARC               PF00931.28   7.2e-50  170.7   0.0   1.4e-49  169.7   0.0   1.4   1   0   0   1   1   1   1 gene_id:LOC_Os04g14220 chromosome:Chr4 strand:-
LOC_Os04g39460.1     -          NB-ARC               PF00931.28   7.5e-50  170.6   0.0   1.2e-49  170.0   0.0   1.3   1   0   0   1   1   1   1 gene_id:LOC_Os04g39460 chromosome:Chr4 strand:+
LOC_Os11g13940.1     -          NB-ARC               PF00931.28   8.3e-50  170.5   4.3   1.5e-49  169.6   4.3   1.4   1   0   0   1   1   1   1 gene_id:LOC_Os11g13940 chromosome:Chr11 strand:-
LOC_Os11g11950.1     -          NB-ARC               PF00931.28   9.4e-50  170.3   0.1   2.2e-49  169.1   0.1   1.6   1   0   0   1   1   1   1 gene_id:LOC_Os11g11950 chromosome:Chr11 strand:-
LOC_Os10g03570.1     -          NB-ARC               PF00931.28   1.3e-49  169.9   0.0     2e-49  169.2   0.0   1.3   1   0   0   1   1   1   1 gene_id:LOC_Os10g03570 chromosome:Chr10 strand:-
LOC_Os12g17490.1     -          NB-ARC               PF00931.28   1.3e-49  169.8   0.7   2.1e-49  169.2   0.1   1.6   2   0   0   2   2   1   1 gene_id:LOC_Os12g17490 chromosome:Chr12 strand:-
LOC_Os09g14490.1     -          NB-ARC               PF00931.28   1.4e-49  169.7   0.2   3.1e-49  168.6   0.2   1.5   1   0   0   1   1   1   1 gene_id:LOC_Os09g14490 chromosome:Chr9 strand:+
LOC_Os11g45050.1     -          NB-ARC               PF00931.28   1.5e-49  169.7   0.7   2.5e-49  168.9   0.7   1.3   1   0   0   1   1   1   1 gene_id:LOC_Os11g45050 chromosome:Chr11 strand:+
LOC_Os11g45180.1     -          NB-ARC               PF00931.28   1.5e-49  169.7   0.7   2.4e-49  169.0   0.7   1.3   1   0   0   1   1   1   1 gene_id:LOC_Os11g45180 chromosome:Chr11 strand:+
LOC_Os06g06400.1     -          NB-ARC               PF00931.28   1.9e-49  169.3   0.2   8.2e-49  167.2   0.0   1.9   2   0   0   2   2   1   1 gene_id:LOC_Os06g06400 chromosome:Chr6 strand:-
LOC_Os11g12340.1     -          NB-ARC               PF00931.28   2.5e-49  168.9   0.2   9.2e-49  167.0   0.2   2.0   1   0   0   1   1   1   1 gene_id:LOC_Os11g12340 chromosome:Chr11 strand:+
LOC_Os09g10054.1     -          NB-ARC               PF00931.28   2.9e-49  168.7   0.2   5.2e-49  167.9   0.2   1.3   1   0   0   1   1   1   1 gene_id:LOC_Os09g10054 chromosome:Chr9 strand:-
LOC_Os11g45090.1     -          NB-ARC               PF00931.28   3.6e-49  168.4   2.0   6.4e-49  167.6   2.0   1.4   1   0   0   1   1   1   1 gene_id:LOC_Os11g45090 chromosome:Chr11 strand:+
LOC_Os11g29990.1     -          NB-ARC               PF00931.28   3.9e-49  168.3   0.7   3.9e-49  168.3   0.7   1.7   2   0   0   2   2   1   1 gene_id:LOC_Os11g29990 chromosome:Chr11 strand:-
LOC_Os10g07978.1     -          NB-ARC               PF00931.28   5.1e-49  167.9   0.4   9.5e-49  167.0   0.4   1.4   1   0   0   1   1   1   1 gene_id:LOC_Os10g07978 chromosome:Chr10 strand:+
LOC_Os12g17410.1     -          NB-ARC               PF00931.28   6.2e-49  167.6   0.2   2.5e-47  162.4   0.0   2.1   2   0   0   2   2   1   1 gene_id:LOC_Os12g17410 chromosome:Chr12 strand:-
LOC_Os03g36920.1     -          NB-ARC               PF00931.28   6.7e-49  167.5   1.5   1.2e-48  166.7   1.5   1.4   1   0   0   1   1   1   1 gene_id:LOC_Os03g36920 chromosome:Chr3 strand:-
LOC_Os06g22460.1     -          NB-ARC               PF00931.28   6.7e-49  167.5   0.4   1.3e-48  166.5   0.4   1.5   1   0   0   1   1   1   1 gene_id:LOC_Os06g22460 chromosome:Chr6 strand:-
LOC_Os11g13430.1     -          NB-ARC               PF00931.28   6.9e-49  167.5   0.4   1.6e-48  166.3   0.0   1.7   2   0   0   2   2   1   1 gene_id:LOC_Os11g13430 chromosome:Chr11 strand:+
LOC_Os12g37760.1     -          NB-ARC               PF00931.28   7.6e-49  167.3   0.1   1.3e-48  166.6   0.1   1.4   1   0   0   1   1   1   1 gene_id:LOC_Os12g37760 chromosome:Chr12 strand:+
LOC_Os08g29809.1     -          NB-ARC               PF00931.28     8e-49  167.2   0.0   1.3e-48  166.5   0.0   1.3   1   0   0   1   1   1   1 gene_id:LOC_Os08g29809 chromosome:Chr8 strand:-
LOC_Os12g37740.1     -          NB-ARC               PF00931.28   1.1e-48  166.7   0.1   1.5e-48  166.3   0.1   1.2   1   0   0   1   1   1   1 gene_id:LOC_Os12g37740 chromosome:Chr12 strand:-
LOC_Os08g31780.1     -          NB-ARC               PF00931.28   1.2e-48  166.7   2.5   5.2e-48  164.6   2.5   1.9   1   1   0   1   1   1   1 gene_id:LOC_Os08g31780 chromosome:Chr8 strand:-
LOC_Os12g17090.1     -          NB-ARC               PF00931.28   1.3e-48  166.6   0.0     2e-48  165.9   0.0   1.3   1   0   0   1   1   1   1 gene_id:LOC_Os12g17090 chromosome:Chr12 strand:-
LOC_Os01g36640.1     -          NB-ARC               PF00931.28   1.7e-48  166.2   0.2   1.7e-48  166.2   0.2   1.6   2   0   0   2   2   1   1 gene_id:LOC_Os01g36640 chromosome:Chr1 strand:+
LOC_Os11g40780.1     -          NB-ARC               PF00931.28   1.8e-48  166.1   2.3   2.8e-48  165.4   2.3   1.3   1   0   0   1   1   1   1 gene_id:LOC_Os11g40780 chromosome:Chr11 strand:-
LOC_Os04g21890.1     -          NB-ARC               PF00931.28   1.9e-48  166.1   1.2   3.3e-48  165.2   1.2   1.3   1   0   0   1   1   1   1 gene_id:LOC_Os04g21890 chromosome:Chr4 strand:+
LOC_Os11g34920.1     -          NB-ARC               PF00931.28   2.9e-48  165.4   0.3   4.2e-48  164.9   0.3   1.2   1   0   0   1   1   1   1 gene_id:LOC_Os11g34920 chromosome:Chr11 strand:+
LOC_Os09g13820.1     -          NB-ARC               PF00931.28     3e-48  165.4   0.4   5.8e-48  164.4   0.4   1.5   1   0   0   1   1   1   1 gene_id:LOC_Os09g13820 chromosome:Chr9 strand:+
LOC_Os11g11960.1     -          NB-ARC               PF00931.28   3.1e-48  165.3   0.2   7.5e-48  164.1   0.2   1.7   1   0   0   1   1   1   1 gene_id:LOC_Os11g11960 chromosome:Chr11 strand:-
LOC_Os03g50150.1     -          NB-ARC               PF00931.28   3.4e-48  165.2   0.1   4.8e-38  131.9   0.0   2.3   2   0   0   2   2   2   2 gene_id:LOC_Os03g50150 chromosome:Chr3 strand:+
LOC_Os12g17480.1     -          NB-ARC               PF00931.28   3.8e-48  165.0   0.4   1.1e-47  163.5   0.0   1.9   2   0   0   2   2   1   1 gene_id:LOC_Os12g17480 chromosome:Chr12 strand:-
LOC_Os11g27440.1     -          NB-ARC               PF00931.28   4.2e-48  164.9   0.0   7.4e-32  111.7   0.0   2.5   3   0   0   3   3   2   2 gene_id:LOC_Os11g27440 chromosome:Chr11 strand:+
LOC_Os11g45190.1     -          NB-ARC               PF00931.28   4.4e-48  164.8   1.6   7.1e-48  164.1   1.6   1.3   1   0   0   1   1   1   1 gene_id:LOC_Os11g45190 chromosome:Chr11 strand:+
LOC_Os11g45060.1     -          NB-ARC               PF00931.28   6.2e-48  164.3   0.9     1e-47  163.6   0.9   1.3   1   0   0   1   1   1   1 gene_id:LOC_Os11g45060 chromosome:Chr11 strand:+
LOC_Os11g16470.1     -          NB-ARC               PF00931.28   8.6e-48  163.9   0.0   1.6e-47  163.0   0.0   1.4   1   0   0   1   1   1   1 gene_id:LOC_Os11g16470 chromosome:Chr11 strand:+
LOC_Os11g45130.1     -          NB-ARC               PF00931.28   9.5e-48  163.7   4.4   1.4e-47  163.1   4.4   1.2   1   0   0   1   1   1   1 gene_id:LOC_Os11g45130 chromosome:Chr11 strand:+
LOC_Os12g37770.1     -          NB-ARC               PF00931.28   1.1e-47  163.5   0.1   1.8e-47  162.8   0.1   1.3   1   0   0   1   1   1   1 gene_id:LOC_Os12g37770 chromosome:Chr12 strand:+
LOC_Os05g31550.1     -          NB-ARC               PF00931.28   1.1e-47  163.5   0.3   1.8e-47  162.8   0.3   1.3   1   0   0   1   1   1   1 gene_id:LOC_Os05g31550 chromosome:Chr5 strand:+
LOC_Os11g13510.1     -          NB-ARC               PF00931.28   1.1e-47  163.5   0.1   1.8e-47  162.8   0.1   1.3   1   0   0   1   1   1   1 gene_id:LOC_Os11g13510 chromosome:Chr11 strand:+
LOC_Os11g29520.1     -          NB-ARC               PF00931.28   1.4e-47  163.1   0.1   3.3e-47  161.9   0.0   1.6   2   0   0   2   2   1   1 gene_id:LOC_Os11g29520 chromosome:Chr11 strand:-
LOC_Os03g63200.1     -          NB-ARC               PF00931.28   1.7e-47  162.9   0.2   3.2e-47  162.0   0.2   1.5   1   0   0   1   1   1   1 gene_id:LOC_Os03g63200 chromosome:Chr3 strand:-
LOC_Os11g12050.1     -          NB-ARC               PF00931.28     2e-47  162.7   0.1   3.5e-47  161.9   0.1   1.3   1   0   0   1   1   1   1 gene_id:LOC_Os11g12050 chromosome:Chr11 strand:+
LOC_Os06g06380.1     -          NB-ARC               PF00931.28   2.2e-47  162.6   0.0   3.2e-47  162.0   0.0   1.3   1   0   0   1   1   1   1 gene_id:LOC_Os06g06380 chromosome:Chr6 strand:-
LOC_Os08g09430.1     -          NB-ARC               PF00931.28   2.8e-47  162.2   0.0   5.2e-47  161.3   0.0   1.5   1   0   0   1   1   1   1 gene_id:LOC_Os08g09430 chromosome:Chr8 strand:-
LOC_Os12g13550.1     -          NB-ARC               PF00931.28     3e-47  162.1   0.0   5.4e-47  161.3   0.0   1.4   1   0   0   1   1   1   1 gene_id:LOC_Os12g13550 chromosome:Chr12 strand:+
LOC_Os12g30760.1     -          NB-ARC               PF00931.28   4.3e-47  161.6   0.1   6.7e-47  160.9   0.1   1.3   1   0   0   1   1   1   1 gene_id:LOC_Os12g30760 chromosome:Chr12 strand:-
LOC_Os08g20000.1     -          NB-ARC               PF00931.28     7e-47  160.9   2.4   1.1e-46  160.2   2.4   1.3   1   0   0   1   1   1   1 gene_id:LOC_Os08g20000 chromosome:Chr8 strand:+
LOC_Os08g16070.1     -          NB-ARC               PF00931.28   8.9e-47  160.5   0.3   1.8e-46  159.5   0.3   1.4   1   0   0   1   1   1   1 gene_id:LOC_Os08g16070 chromosome:Chr8 strand:-
LOC_Os11g44960.1     -          NB-ARC               PF00931.28   9.3e-47  160.5   0.9   1.5e-46  159.8   0.9   1.3   1   0   0   1   1   1   1 gene_id:LOC_Os11g44960 chromosome:Chr11 strand:+
LOC_Os03g63240.1     -          NB-ARC               PF00931.28   9.6e-47  160.4   0.5   1.6e-46  159.7   0.5   1.3   1   0   0   1   1   1   1 gene_id:LOC_Os03g63240 chromosome:Chr3 strand:-
LOC_Os06g47800.1     -          NB-ARC               PF00931.28   9.6e-47  160.4   0.2   9.6e-47  160.4   0.2   1.7   2   0   0   2   2   1   1 gene_id:LOC_Os06g47800 chromosome:Chr6 strand:-
LOC_Os11g47780.1     -          NB-ARC               PF00931.28   9.8e-47  160.4   0.2   1.8e-46  159.6   0.2   1.3   1   0   0   1   1   1   1 gene_id:LOC_Os11g47780 chromosome:Chr11 strand:-
LOC_Os12g29290.1     -          NB-ARC               PF00931.28     1e-46  160.4   0.2     1e-46  160.4   0.2   1.8   2   0   0   2   2   1   1 gene_id:LOC_Os12g29290 chromosome:Chr12 strand:+
LOC_Os07g17250.1     -          NB-ARC               PF00931.28     1e-46  160.3   0.0   1.5e-46  159.8   0.0   1.2   1   0   0   1   1   1   1 gene_id:LOC_Os07g17250 chromosome:Chr7 strand:+
LOC_Os08g16120.1     -          NB-ARC               PF00931.28   1.1e-46  160.2   0.2   2.2e-46  159.3   0.2   1.4   1   0   0   1   1   1   1 gene_id:LOC_Os08g16120 chromosome:Chr8 strand:+
LOC_Os04g22090.1     -          NB-ARC               PF00931.28   1.4e-46  159.9   0.3   1.2e-45  156.8   0.4   2.2   2   0   0   2   2   1   1 gene_id:LOC_Os04g22090 chromosome:Chr4 strand:-
LOC_Os07g27370.1     -          NB-ARC               PF00931.28   1.8e-46  159.6   0.0   2.4e-46  159.1   0.0   1.2   1   0   0   1   1   1   1 gene_id:LOC_Os07g27370 chromosome:Chr7 strand:-
LOC_Os11g12000.1     -          NB-ARC               PF00931.28   1.9e-46  159.5   0.8   1.5e-45  156.6   0.0   2.6   2   1   0   2   2   1   1 gene_id:LOC_Os11g12000 chromosome:Chr11 strand:+
LOC_Os12g37290.1     -          NB-ARC               PF00931.28   2.5e-46  159.1   2.8   2.4e-30  106.7   0.5   2.4   1   1   1   2   2   2   2 gene_id:LOC_Os12g37290 chromosome:Chr12 strand:-
LOC_Os05g12770.1     -          NB-ARC               PF00931.28   3.3e-46  158.7   0.0   1.4e-33  117.4   0.1   2.4   2   0   0   2   2   2   2 gene_id:LOC_Os05g12770 chromosome:Chr5 strand:-
LOC_Os03g63150.1     -          NB-ARC               PF00931.28   3.3e-46  158.7   0.0   5.6e-46  157.9   0.0   1.4   1   0   0   1   1   1   1 gene_id:LOC_Os03g63150 chromosome:Chr3 strand:-
LOC_Os08g28570.1     -          NB-ARC               PF00931.28   3.3e-46  158.7   0.0   6.1e-46  157.8   0.0   1.4   1   0   0   1   1   1   1 gene_id:LOC_Os08g28570 chromosome:Chr8 strand:+
LOC_Os12g30720.1     -          NB-ARC               PF00931.28   3.9e-46  158.4   0.1   5.8e-46  157.9   0.1   1.2   1   0   0   1   1   1   1 gene_id:LOC_Os12g30720 chromosome:Chr12 strand:-
LOC_Os11g43700.1     -          NB-ARC               PF00931.28     4e-46  158.4   0.0   5.8e-46  157.9   0.0   1.2   1   0   0   1   1   1   1 gene_id:LOC_Os11g43700 chromosome:Chr11 strand:-
LOC_Os01g33810.1     -          NB-ARC               PF00931.28   7.6e-46  157.5   0.1   1.2e-45  156.8   0.1   1.3   1   0   0   1   1   1   1 gene_id:LOC_Os01g33810 chromosome:Chr1 strand:+
LOC_Os01g25760.1     -          NB-ARC               PF00931.28   9.7e-46  157.1   1.2   1.9e-45  156.2   1.2   1.5   1   0   0   1   1   1   1 gene_id:LOC_Os01g25760 chromosome:Chr1 strand:-
LOC_Os11g30110.1     -          NB-ARC               PF00931.28   1.1e-45  157.0   1.3   1.1e-45  157.0   1.3   1.9   2   0   0   2   2   1   1 gene_id:LOC_Os11g30110 chromosome:Chr11 strand:+
LOC_Os11g11990.1     -          NB-ARC               PF00931.28   1.1e-45  157.0   0.0   2.2e-45  156.0   0.0   1.5   1   0   0   1   1   1   1 gene_id:LOC_Os11g11990 chromosome:Chr11 strand:+
LOC_Os03g48370.1     -          NB-ARC               PF00931.28   1.2e-45  156.8   0.0   2.3e-45  155.9   0.0   1.4   1   0   0   1   1   1   1 gene_id:LOC_Os03g48370 chromosome:Chr3 strand:+
LOC_Os02g02670.1     -          NB-ARC               PF00931.28   1.4e-45  156.6   0.2   2.4e-45  155.8   0.2   1.4   1   0   0   1   1   1   1 gene_id:LOC_Os02g02670 chromosome:Chr2 strand:+
LOC_Os01g15580.1     -          NB-ARC               PF00931.28   1.6e-45  156.5   0.0   3.6e-45  155.3   0.0   1.5   2   0   0   2   2   1   1 gene_id:LOC_Os01g15580 chromosome:Chr1 strand:+
LOC_Os08g31800.1     -          NB-ARC               PF00931.28   2.8e-45  155.7   0.1   5.9e-45  154.6   0.0   1.5   2   0   0   2   2   1   1 gene_id:LOC_Os08g31800 chromosome:Chr8 strand:-
LOC_Os04g11430.1     -          NB-ARC               PF00931.28     3e-45  155.6   0.8   5.5e-45  154.7   0.8   1.4   1   0   0   1   1   1   1 gene_id:LOC_Os04g11430 chromosome:Chr4 strand:+
LOC_Os11g11920.1     -          NB-ARC               PF00931.28     3e-45  155.6   0.1   4.8e-45  154.9   0.1   1.2   1   0   0   1   1   1   1 gene_id:LOC_Os11g11920 chromosome:Chr11 strand:-
LOC_Os12g29710.1     -          NB-ARC               PF00931.28     3e-45  155.6   0.7   5.2e-45  154.8   0.7   1.3   1   0   0   1   1   1   1 gene_id:LOC_Os12g29710 chromosome:Chr12 strand:-
LOC_Os08g10260.1     -          NB-ARC               PF00931.28     3e-45  155.5   0.0   4.2e-45  155.1   0.0   1.2   1   0   0   1   1   1   1 gene_id:LOC_Os08g10260 chromosome:Chr8 strand:-
LOC_Os11g44970.1     -          NB-ARC               PF00931.28   4.2e-45  155.1   1.7   6.6e-45  154.4   1.7   1.3   1   0   0   1   1   1   1 gene_id:LOC_Os11g44970 chromosome:Chr11 strand:+
LOC_Os11g37880.1     -          NB-ARC               PF00931.28   5.5e-45  154.7   0.0     1e-44  153.8   0.0   1.5   1   0   0   1   1   1   1 gene_id:LOC_Os11g37880 chromosome:Chr11 strand:+
LOC_Os11g13440.1     -          NB-ARC               PF00931.28   5.7e-45  154.6   0.0   9.1e-45  154.0   0.0   1.3   1   0   0   1   1   1   1 gene_id:LOC_Os11g13440 chromosome:Chr11 strand:+
LOC_Os12g29690.1     -          NB-ARC               PF00931.28   6.4e-45  154.5   0.2   1.1e-44  153.6   0.2   1.4   1   0   0   1   1   1   1 gene_id:LOC_Os12g29690 chromosome:Chr12 strand:-
LOC_Os05g40150.1     -          NB-ARC               PF00931.28   7.1e-45  154.3   0.0     1e-44  153.8   0.0   1.2   1   0   0   1   1   1   1 gene_id:LOC_Os05g40150 chromosome:Chr5 strand:-
LOC_Os06g05359.1     -          NB-ARC               PF00931.28   7.8e-45  154.2   0.2   1.3e-44  153.5   0.2   1.3   1   0   0   1   1   1   1 gene_id:LOC_Os06g05359 chromosome:Chr6 strand:+
LOC_Os06g41670.1     -          NB-ARC               PF00931.28   8.1e-45  154.1   0.2   1.4e-44  153.3   0.2   1.4   1   0   0   1   1   1   1 gene_id:LOC_Os06g41670 chromosome:Chr6 strand:-
LOC_Os03g48320.1     -          NB-ARC               PF00931.28   1.1e-44  153.7   0.0   1.9e-44  153.0   0.0   1.3   1   0   0   1   1   1   1 gene_id:LOC_Os03g48320 chromosome:Chr3 strand:-
LOC_Os06g41660.1     -          NB-ARC               PF00931.28   1.1e-44  153.6   0.1   2.3e-44  152.7   0.1   1.4   1   0   0   1   1   1   1 gene_id:LOC_Os06g41660 chromosome:Chr6 strand:-
LOC_Os06g41640.1     -          NB-ARC               PF00931.28   1.2e-44  153.6   0.1   2.4e-44  152.6   0.1   1.4   1   0   0   1   1   1   1 gene_id:LOC_Os06g41640 chromosome:Chr6 strand:-
LOC_Os08g28540.1     -          NB-ARC               PF00931.28   1.2e-44  153.6   0.0     2e-44  152.8   0.0   1.4   1   0   0   1   1   1   1 gene_id:LOC_Os08g28540 chromosome:Chr8 strand:+
LOC_Os11g17330.1     -          NB-ARC               PF00931.28   1.2e-44  153.5   0.0   1.9e-44  152.9   0.0   1.2   1   0   0   1   1   1   1 gene_id:LOC_Os11g17330 chromosome:Chr11 strand:+
LOC_Os06g17920.1     -          NB-ARC               PF00931.28   1.2e-44  153.5   1.0   2.1e-44  152.8   1.0   1.3   1   0   0   1   1   1   1 gene_id:LOC_Os06g17920 chromosome:Chr6 strand:+
LOC_Os06g17900.1     -          NB-ARC               PF00931.28   1.3e-44  153.5   0.8   1.3e-44  153.5   0.8   1.6   2   0   0   2   2   1   1 gene_id:LOC_Os06g17900 chromosome:Chr6 strand:+
LOC_Os08g19980.1     -          NB-ARC               PF00931.28   1.5e-44  153.2   0.3     5e-44  151.5   0.1   1.8   2   0   0   2   2   1   1 gene_id:LOC_Os08g19980 chromosome:Chr8 strand:-
LOC_Os11g28950.1     -          NB-ARC               PF00931.28   1.6e-44  153.2   0.1   1.4e-35  123.8   0.1   2.5   2   0   0   2   2   2   2 gene_id:LOC_Os11g28950 chromosome:Chr11 strand:-
LOC_Os09g14410.1     -          NB-ARC               PF00931.28   1.7e-44  153.1   0.3   2.6e-44  152.5   0.3   1.2   1   0   0   1   1   1   1 gene_id:LOC_Os09g14410 chromosome:Chr9 strand:-
LOC_Os01g25740.1     -          NB-ARC               PF00931.28   1.8e-44  153.0   0.5   2.6e-44  152.5   0.5   1.2   1   0   0   1   1   1   1 gene_id:LOC_Os01g25740 chromosome:Chr1 strand:-
LOC_Os05g12570.1     -          NB-ARC               PF00931.28   2.1e-44  152.8   0.0   3.4e-44  152.1   0.0   1.3   1   0   0   1   1   1   1 gene_id:LOC_Os05g12570 chromosome:Chr5 strand:+
LOC_Os06g03500.1     -          NB-ARC               PF00931.28   2.4e-44  152.6   0.1   4.3e-44  151.8   0.1   1.4   1   0   0   1   1   1   1 gene_id:LOC_Os06g03500 chromosome:Chr6 strand:-
LOC_Os03g40194.1     -          NB-ARC               PF00931.28   2.7e-44  152.4   1.1   4.9e-44  151.6   1.1   1.4   1   0   0   1   1   1   1 gene_id:LOC_Os03g40194 chromosome:Chr3 strand:-
LOC_Os02g19890.1     -          NB-ARC               PF00931.28   2.8e-44  152.4   0.1   4.5e-44  151.7   0.1   1.3   1   0   0   1   1   1   1 gene_id:LOC_Os02g19890 chromosome:Chr2 strand:-
LOC_Os01g25720.1     -          NB-ARC               PF00931.28   2.9e-44  152.3   0.6   4.9e-44  151.6   0.6   1.3   1   0   0   1   1   1   1 gene_id:LOC_Os01g25720 chromosome:Chr1 strand:-
LOC_Os01g02250.1     -          NB-ARC               PF00931.28   3.2e-44  152.2   0.5   9.4e-44  150.6   0.5   1.8   1   0   0   1   1   1   1 gene_id:LOC_Os01g02250 chromosome:Chr1 strand:+
LOC_Os07g40810.1     -          NB-ARC               PF00931.28   3.3e-44  152.1   0.0   5.9e-44  151.3   0.0   1.4   1   0   0   1   1   1   1 gene_id:LOC_Os07g40810 chromosome:Chr7 strand:-
LOC_Os01g20720.1     -          NB-ARC               PF00931.28     4e-44  151.9   0.7   6.7e-44  151.1   0.7   1.4   1   0   0   1   1   1   1 gene_id:LOC_Os01g20720 chromosome:Chr1 strand:+
LOC_Os08g15880.1     -          NB-ARC               PF00931.28   4.8e-44  151.6   0.8   7.7e-44  150.9   0.8   1.2   1   0   0   1   1   1   1 gene_id:LOC_Os08g15880 chromosome:Chr8 strand:-
LOC_Os02g20210.1     -          NB-ARC               PF00931.28   5.5e-44  151.4   0.4   8.7e-44  150.8   0.4   1.3   1   0   0   1   1   1   1 gene_id:LOC_Os02g20210 chromosome:Chr2 strand:-
LOC_Os08g12740.1     -          NB-ARC               PF00931.28   6.4e-44  151.2   0.4   1.2e-43  150.4   0.4   1.4   1   0   0   1   1   1   1 gene_id:LOC_Os08g12740 chromosome:Chr8 strand:-
LOC_Os04g43340.1     -          NB-ARC               PF00931.28   7.4e-44  151.0   0.1   1.1e-43  150.4   0.1   1.3   1   0   0   1   1   1   1 gene_id:LOC_Os04g43340 chromosome:Chr4 strand:-
LOC_Os03g46550.1     -          NB-ARC               PF00931.28   8.2e-44  150.8   0.0   1.4e-43  150.0   0.0   1.3   1   0   0   1   1   1   1 gene_id:LOC_Os03g46550 chromosome:Chr3 strand:+
LOC_Os11g11770.1     -          NB-ARC               PF00931.28   8.2e-44  150.8   9.7   5.4e-34  118.7   1.4   4.0   2   2   1   3   3   2   2 gene_id:LOC_Os11g11770 chromosome:Chr11 strand:-
LOC_Os01g33684.1     -          NB-ARC               PF00931.28   9.8e-44  150.6   0.1   1.7e-43  149.8   0.1   1.3   1   0   0   1   1   1   1 gene_id:LOC_Os01g33684 chromosome:Chr1 strand:-
LOC_Os06g15750.1     -          NB-ARC               PF00931.28   1.1e-43  150.5   0.0   1.8e-43  149.7   0.0   1.3   1   0   0   1   1   1   1 gene_id:LOC_Os06g15750 chromosome:Chr6 strand:-
LOC_Os02g35210.1     -          NB-ARC               PF00931.28   1.1e-43  150.4   0.0   1.4e-42  146.8   0.0   2.3   2   0   0   2   2   1   1 gene_id:LOC_Os02g35210 chromosome:Chr2 strand:+
LOC_Os04g30660.1     -          NB-ARC               PF00931.28   1.7e-43  149.8   0.0   3.4e-43  148.8   0.0   1.4   1   0   0   1   1   1   1 gene_id:LOC_Os04g30660 chromosome:Chr4 strand:+
LOC_Os03g38330.1     -          NB-ARC               PF00931.28   1.8e-43  149.8   0.2     3e-43  149.0   0.2   1.4   1   0   0   1   1   1   1 gene_id:LOC_Os03g38330 chromosome:Chr3 strand:+
LOC_Os08g28600.1     -          NB-ARC               PF00931.28   1.8e-43  149.8   0.0     3e-43  149.0   0.0   1.3   1   0   0   1   1   1   1 gene_id:LOC_Os08g28600 chromosome:Chr8 strand:-
LOC_Os01g23380.1     -          NB-ARC               PF00931.28     2e-43  149.6   0.0   3.1e-43  149.0   0.0   1.2   1   0   0   1   1   1   1 gene_id:LOC_Os01g23380 chromosome:Chr1 strand:-
LOC_Os01g25810.1     -          NB-ARC               PF00931.28   2.1e-43  149.5   0.6   3.4e-43  148.8   0.6   1.3   1   0   0   1   1   1   1 gene_id:LOC_Os01g25810 chromosome:Chr1 strand:-
LOC_Os11g13410.1     -          NB-ARC               PF00931.28   2.3e-43  149.3   0.1   3.4e-43  148.8   0.1   1.3   1   0   0   1   1   1   1 gene_id:LOC_Os11g13410 chromosome:Chr11 strand:+
LOC_Os04g24700.1     -          NB-ARC               PF00931.28   2.4e-43  149.3   0.2   4.7e-43  148.4   0.2   1.4   1   0   0   1   1   1   1 gene_id:LOC_Os04g24700 chromosome:Chr4 strand:+
LOC_Os05g23990.1     -          NB-ARC               PF00931.28   2.5e-43  149.2   2.8   3.9e-43  148.6   2.8   1.3   1   0   0   1   1   1   1 gene_id:LOC_Os05g23990 chromosome:Chr5 strand:+
LOC_Os03g20840.1     -          NB-ARC               PF00931.28   2.8e-43  149.1   0.1   4.1e-43  148.5   0.1   1.3   1   0   0   1   1   1   1 gene_id:LOC_Os03g20840 chromosome:Chr3 strand:-
LOC_Os04g30690.1     -          NB-ARC               PF00931.28   3.2e-43  148.9   0.1   6.1e-43  148.0   0.1   1.4   1   0   0   1   1   1   1 gene_id:LOC_Os04g30690 chromosome:Chr4 strand:+
LOC_Os02g18000.1     -          NB-ARC               PF00931.28   3.2e-43  148.9   0.1   6.3e-43  147.9   0.1   1.4   1   0   0   1   1   1   1 gene_id:LOC_Os02g18000 chromosome:Chr2 strand:+
LOC_Os07g04900.1     -          NB-ARC               PF00931.28   3.3e-43  148.9   1.5   1.5e-42  146.7   0.9   2.2   2   0   0   2   2   1   1 gene_id:LOC_Os07g04900 chromosome:Chr7 strand:-
LOC_Os06g17880.1     -          NB-ARC               PF00931.28   3.3e-43  148.8   0.2   5.8e-43  148.1   0.2   1.4   1   0   0   1   1   1   1 gene_id:LOC_Os06g17880 chromosome:Chr6 strand:+
LOC_Os01g25630.1     -          NB-ARC               PF00931.28   3.8e-43  148.7   1.3   3.8e-43  148.7   1.3   2.0   2   0   0   2   2   1   1 gene_id:LOC_Os01g25630 chromosome:Chr1 strand:-
LOC_Os11g37870.1     -          NB-ARC               PF00931.28   4.2e-43  148.5   0.2   8.8e-43  147.5   0.2   1.5   1   0   0   1   1   1   1 gene_id:LOC_Os11g37870 chromosome:Chr11 strand:+
LOC_Os01g41890.1     -          NB-ARC               PF00931.28   4.3e-43  148.5   1.3     6e-43  148.0   0.1   1.7   2   0   0   2   2   1   1 gene_id:LOC_Os01g41890 chromosome:Chr1 strand:+
LOC_Os03g10910.1     -          NB-ARC               PF00931.28   4.6e-43  148.4   0.0   7.5e-43  147.7   0.0   1.3   1   0   0   1   1   1   1 gene_id:LOC_Os03g10910 chromosome:Chr3 strand:+
LOC_Os01g05600.1     -          NB-ARC               PF00931.28   4.6e-43  148.4   0.8   1.1e-42  147.2   0.8   1.5   1   0   0   1   1   1   1 gene_id:LOC_Os01g05600 chromosome:Chr1 strand:-
LOC_Os11g45160.1     -          NB-ARC               PF00931.28   4.8e-43  148.3   1.8   8.9e-43  147.4   1.8   1.4   1   0   0   1   1   1   1 gene_id:LOC_Os11g45160 chromosome:Chr11 strand:+
LOC_Os11g32170.1     -          NB-ARC               PF00931.28   6.6e-43  147.9   0.4   1.1e-42  147.1   0.4   1.4   1   0   0   1   1   1   1 gene_id:LOC_Os11g32170 chromosome:Chr11 strand:-
LOC_Os06g49390.1     -          NB-ARC               PF00931.28   7.1e-43  147.8   0.1   1.2e-42  147.1   0.1   1.4   1   0   0   1   1   1   1 gene_id:LOC_Os06g49390 chromosome:Chr6 strand:-
LOC_Os12g09739.1     -          NB-ARC               PF00931.28   8.1e-43  147.6   0.1   1.3e-42  147.0   0.1   1.3   1   0   0   1   1   1   1 gene_id:LOC_Os12g09739 chromosome:Chr12 strand:-
LOC_Os11g34880.1     -          NB-ARC               PF00931.28   9.5e-43  147.3   0.2   1.9e-42  146.4   0.2   1.4   1   0   0   1   1   1   1 gene_id:LOC_Os11g34880 chromosome:Chr11 strand:-
LOC_Os04g53030.1     -          NB-ARC               PF00931.28   1.1e-42  147.1   0.1   2.1e-42  146.2   0.1   1.4   1   0   0   1   1   1   1 gene_id:LOC_Os04g53030 chromosome:Chr4 strand:+
LOC_Os03g14900.1     -          NB-ARC               PF00931.28   1.1e-42  147.1   0.0   1.6e-42  146.6   0.0   1.2   1   0   0   1   1   1   1 gene_id:LOC_Os03g14900 chromosome:Chr3 strand:-
LOC_Os12g29280.1     -          NB-ARC               PF00931.28   1.2e-42  147.0   0.3   2.4e-42  146.0   0.3   1.5   1   0   0   1   1   1   1 gene_id:LOC_Os12g29280 chromosome:Chr12 strand:+
LOC_Os05g34230.1     -          NB-ARC               PF00931.28   1.3e-42  146.9   0.0     2e-42  146.3   0.0   1.2   1   0   0   1   1   1   1 gene_id:LOC_Os05g34230 chromosome:Chr5 strand:-
LOC_Os12g10410.1     -          NB-ARC               PF00931.28   1.3e-42  146.9   0.0     2e-42  146.3   0.0   1.2   1   0   0   1   1   1   1 gene_id:LOC_Os12g10410 chromosome:Chr12 strand:-
LOC_Os06g49380.1     -          NB-ARC               PF00931.28   1.4e-42  146.8   0.3   2.5e-42  146.0   0.3   1.4   1   0   0   1   1   1   1 gene_id:LOC_Os06g49380 chromosome:Chr6 strand:-
LOC_Os12g10340.1     -          NB-ARC               PF00931.28   1.6e-42  146.6   0.5   2.5e-42  146.0   0.5   1.4   1   0   0   1   1   1   1 gene_id:LOC_Os12g10340 chromosome:Chr12 strand:+
LOC_Os04g53120.1     -          NB-ARC               PF00931.28   1.6e-42  146.6   2.8   2.8e-42  145.8   2.8   1.4   1   0   0   1   1   1   1 gene_id:LOC_Os04g53120 chromosome:Chr4 strand:+
LOC_Os04g30930.1     -          NB-ARC               PF00931.28   1.7e-42  146.5   0.3     3e-42  145.7   0.3   1.4   1   0   0   1   1   1   1 gene_id:LOC_Os04g30930 chromosome:Chr4 strand:+
LOC_Os07g26430.1     -          NB-ARC               PF00931.28   2.3e-42  146.1   0.0   3.3e-42  145.6   0.0   1.3   1   0   0   1   1   1   1 gene_id:LOC_Os07g26430 chromosome:Chr7 strand:+
LOC_Os11g37759.1     -          NB-ARC               PF00931.28   2.4e-42  146.1   0.4   5.2e-42  144.9   0.0   1.8   2   0   0   2   2   1   1 gene_id:LOC_Os11g37759 chromosome:Chr11 strand:+
LOC_Os10g04120.1     -          NB-ARC               PF00931.28   3.1e-42  145.7   0.5   5.5e-42  144.9   0.5   1.4   1   0   0   1   1   1   1 gene_id:LOC_Os10g04120 chromosome:Chr10 strand:-
LOC_Os01g71114.1     -          NB-ARC               PF00931.28   3.6e-42  145.5   0.0   1.2e-41  143.8   0.0   1.8   1   1   0   1   1   1   1 gene_id:LOC_Os01g71114 chromosome:Chr1 strand:-
LOC_Os11g37774.1     -          NB-ARC               PF00931.28   4.2e-42  145.2   0.1   9.9e-42  144.0   0.1   1.6   1   0   0   1   1   1   1 gene_id:LOC_Os11g37774 chromosome:Chr11 strand:+
LOC_Os11g11580.1     -          NB-ARC               PF00931.28   6.9e-42  144.5   0.0   1.1e-41  143.9   0.0   1.2   1   0   0   1   1   1   1 gene_id:LOC_Os11g11580 chromosome:Chr11 strand:+
LOC_Os01g05620.1     -          NB-ARC               PF00931.28   1.5e-41  143.4   0.6   3.2e-41  142.4   0.6   1.4   1   0   0   1   1   1   1 gene_id:LOC_Os01g05620 chromosome:Chr1 strand:-
LOC_Os06g06860.1     -          NB-ARC               PF00931.28   1.8e-41  143.2   0.0   3.2e-41  142.4   0.0   1.4   1   0   0   1   1   1   1 gene_id:LOC_Os06g06860 chromosome:Chr6 strand:-
LOC_Os10g07400.1     -          NB-ARC               PF00931.28   1.9e-41  143.1   0.1   3.5e-41  142.2   0.1   1.5   1   0   0   1   1   1   1 gene_id:LOC_Os10g07400 chromosome:Chr10 strand:-
LOC_Os07g19320.1     -          NB-ARC               PF00931.28   2.4e-41  142.7   0.3   3.8e-41  142.1   0.3   1.3   1   0   0   1   1   1   1 gene_id:LOC_Os07g19320 chromosome:Chr7 strand:-
LOC_Os04g53050.1     -          NB-ARC               PF00931.28   2.4e-41  142.7   0.9   4.8e-41  141.8   0.9   1.5   1   0   0   1   1   1   1 gene_id:LOC_Os04g53050 chromosome:Chr4 strand:+
LOC_Os11g14380.1     -          NB-ARC               PF00931.28   2.9e-41  142.5   0.1   4.1e-41  142.0   0.1   1.2   1   0   0   1   1   1   1 gene_id:LOC_Os11g14380 chromosome:Chr11 strand:+
LOC_Os11g45330.1     -          NB-ARC               PF00931.28   3.2e-41  142.3   1.2   6.1e-41  141.4   1.2   1.4   1   0   0   1   1   1   1 gene_id:LOC_Os11g45330 chromosome:Chr11 strand:+
LOC_Os08g16460.1     -          NB-ARC               PF00931.28   3.5e-41  142.2   0.3   5.9e-41  141.5   0.3   1.4   1   0   0   1   1   1   1 gene_id:LOC_Os08g16460 chromosome:Chr8 strand:+
LOC_Os12g10330.1     -          NB-ARC               PF00931.28   4.6e-41  141.8   0.1   7.9e-41  141.1   0.1   1.3   1   0   0   1   1   1   1 gene_id:LOC_Os12g10330 chromosome:Chr12 strand:-
LOC_Os12g30590.1     -          NB-ARC               PF00931.28   4.6e-41  141.8   0.1   8.4e-41  141.0   0.1   1.4   1   0   0   1   1   1   1 gene_id:LOC_Os12g30590 chromosome:Chr12 strand:+
LOC_Os12g28100.1     -          NB-ARC               PF00931.28     5e-41  141.7   0.2   8.4e-41  141.0   0.2   1.3   1   0   0   1   1   1   1 gene_id:LOC_Os12g28100 chromosome:Chr12 strand:-
LOC_Os02g18070.1     -          NB-ARC               PF00931.28   5.4e-41  141.6   0.0   1.1e-40  140.6   0.0   1.5   1   0   0   1   1   1   1 gene_id:LOC_Os02g18070 chromosome:Chr2 strand:+
LOC_Os11g37850.1     -          NB-ARC               PF00931.28   6.3e-41  141.4   3.8   7.6e-41  141.1   0.3   2.3   2   0   0   2   2   1   1 gene_id:LOC_Os11g37850 chromosome:Chr11 strand:+
LOC_Os11g37860.1     -          NB-ARC               PF00931.28   6.6e-41  141.3   0.1   1.1e-40  140.5   0.1   1.4   1   0   0   1   1   1   1 gene_id:LOC_Os11g37860 chromosome:Chr11 strand:+
LOC_Os08g07330.2     -          NB-ARC               PF00931.28   6.7e-41  141.3   0.0   1.2e-40  140.5   0.0   1.4   1   0   0   1   1   1   1 gene_id:LOC_Os08g07330 chromosome:Chr8 strand:+
LOC_Os11g32210.1     -          NB-ARC               PF00931.28   7.7e-41  141.1   0.2   1.9e-40  139.9   0.2   1.5   1   0   0   1   1   1   1 gene_id:LOC_Os11g32210 chromosome:Chr11 strand:-
LOC_Os06g30430.1     -          NB-ARC               PF00931.28   8.1e-41  141.0   0.0   1.3e-40  140.4   0.0   1.2   1   0   0   1   1   1   1 gene_id:LOC_Os06g30430 chromosome:Chr6 strand:+
LOC_Os01g16370.1     -          NB-ARC               PF00931.28   8.3e-41  141.0   0.0   1.2e-40  140.4   0.0   1.2   1   0   0   1   1   1   1 gene_id:LOC_Os01g16370 chromosome:Chr1 strand:+
LOC_Os10g04110.1     -          NB-ARC               PF00931.28   8.8e-41  140.9   0.0   1.5e-40  140.2   0.0   1.3   1   0   0   1   1   1   1 gene_id:LOC_Os10g04110 chromosome:Chr10 strand:+
LOC_Os02g16060.1     -          NB-ARC               PF00931.28   9.1e-41  140.9   0.1   1.4e-40  140.2   0.1   1.2   1   0   0   1   1   1   1 gene_id:LOC_Os02g16060 chromosome:Chr2 strand:+
LOC_Os06g06850.1     -          NB-ARC               PF00931.28   9.1e-41  140.9   0.0   1.7e-40  139.9   0.0   1.4   1   0   0   1   1   1   1 gene_id:LOC_Os06g06850 chromosome:Chr6 strand:-
LOC_Os12g36730.1     -          NB-ARC               PF00931.28   1.2e-40  140.5   1.1   2.1e-40  139.7   1.1   1.4   1   0   0   1   1   1   1 gene_id:LOC_Os12g36730 chromosome:Chr12 strand:-
LOC_Os02g27540.1     -          NB-ARC               PF00931.28   1.7e-40  140.0   0.3   2.5e-40  139.4   0.3   1.2   1   0   0   1   1   1   1 gene_id:LOC_Os02g27540 chromosome:Chr2 strand:-
LOC_Os02g18140.1     -          NB-ARC               PF00931.28   1.8e-40  139.9   0.0   3.9e-40  138.8   0.0   1.5   1   0   0   1   1   1   1 gene_id:LOC_Os02g18140 chromosome:Chr2 strand:+
LOC_Os10g04090.1     -          NB-ARC               PF00931.28     2e-40  139.8   0.9   2.8e-40  139.3   0.2   1.6   2   0   0   2   2   1   1 gene_id:LOC_Os10g04090 chromosome:Chr10 strand:-
LOC_Os11g10770.1     -          NB-ARC               PF00931.28   2.1e-40  139.7   1.3     4e-40  138.8   0.6   1.7   2   0   0   2   2   1   1 gene_id:LOC_Os11g10770 chromosome:Chr11 strand:-
LOC_Os02g30150.1     -          NB-ARC               PF00931.28   2.6e-40  139.3   0.4   2.6e-40  139.3   0.4   1.7   2   0   0   2   2   1   1 gene_id:LOC_Os02g30150 chromosome:Chr2 strand:+
LOC_Os02g16270.1     -          NB-ARC               PF00931.28   3.3e-40  139.0   0.0   5.3e-40  138.4   0.0   1.3   1   0   0   1   1   1   1 gene_id:LOC_Os02g16270 chromosome:Chr2 strand:+
LOC_Os08g29854.1     -          NB-ARC               PF00931.28   5.1e-40  138.4   0.0   9.9e-40  137.5   0.0   1.4   1   0   0   1   1   1   1 gene_id:LOC_Os08g29854 chromosome:Chr8 strand:+
LOC_Os06g20050.1     -          NB-ARC               PF00931.28   5.5e-40  138.3   0.0   9.7e-40  137.5   0.0   1.4   1   0   0   1   1   1   1 gene_id:LOC_Os06g20050 chromosome:Chr6 strand:+
LOC_Os12g10180.1     -          NB-ARC               PF00931.28   5.9e-40  138.2   0.5   1.3e-39  137.1   0.5   1.5   1   0   0   1   1   1   1 gene_id:LOC_Os12g10180 chromosome:Chr12 strand:-
LOC_Os04g30530.1     -          NB-ARC               PF00931.28   6.7e-40  138.0   0.1   1.3e-39  137.1   0.1   1.4   1   0   0   1   1   1   1 gene_id:LOC_Os04g30530 chromosome:Chr4 strand:+
LOC_Os06g45690.1     -          NB-ARC               PF00931.28     1e-39  137.4   0.0   1.6e-39  136.8   0.0   1.3   1   0   0   1   1   1   1 gene_id:LOC_Os06g45690 chromosome:Chr6 strand:+
LOC_Os06g33360.1     -          NB-ARC               PF00931.28   1.6e-39  136.8   0.8   1.8e-39  136.6   0.1   1.4   2   0   0   2   2   1   1 gene_id:LOC_Os06g33360 chromosome:Chr6 strand:+
LOC_Os10g04060.1     -          NB-ARC               PF00931.28   1.8e-39  136.6   0.1   4.4e-39  135.3   0.1   1.7   1   0   0   1   1   1   1 gene_id:LOC_Os10g04060 chromosome:Chr10 strand:-
LOC_Os07g29810.1     -          NB-ARC               PF00931.28   2.6e-39  136.1   0.6   4.5e-39  135.3   0.6   1.3   1   0   0   1   1   1   1 gene_id:LOC_Os07g29810 chromosome:Chr7 strand:+
LOC_Os07g29820.1     -          NB-ARC               PF00931.28   2.8e-39  136.0   0.0     5e-39  135.2   0.0   1.4   1   0   0   1   1   1   1 gene_id:LOC_Os07g29820 chromosome:Chr7 strand:-
LOC_Os11g39550.1     -          NB-ARC               PF00931.28   3.8e-39  135.6   0.1     8e-19   69.0   0.0   2.4   2   0   0   2   2   2   2 gene_id:LOC_Os11g39550 chromosome:Chr11 strand:-
LOC_Os01g16400.1     -          NB-ARC               PF00931.28   4.7e-39  135.3   0.0     1e-38  134.2   0.0   1.5   1   0   0   1   1   1   1 gene_id:LOC_Os01g16400 chromosome:Chr1 strand:+
LOC_Os12g03080.1     -          NB-ARC               PF00931.28   5.1e-39  135.1   0.1   1.2e-38  133.9   0.1   1.6   1   0   0   1   1   1   1 gene_id:LOC_Os12g03080 chromosome:Chr12 strand:-
LOC_Os01g21240.1     -          NB-ARC               PF00931.28   5.2e-39  135.1   0.0   7.6e-39  134.6   0.0   1.3   1   0   0   1   1   1   1 gene_id:LOC_Os01g21240 chromosome:Chr1 strand:+
LOC_Os04g30610.1     -          NB-ARC               PF00931.28   5.2e-39  135.1   0.4     9e-39  134.3   0.4   1.3   1   0   0   1   1   1   1 gene_id:LOC_Os04g30610 chromosome:Chr4 strand:+
LOC_Os05g34220.1     -          NB-ARC               PF00931.28   5.6e-39  135.0   0.0   1.2e-38  134.0   0.0   1.4   1   0   0   1   1   1   1 gene_id:LOC_Os05g34220 chromosome:Chr5 strand:+
LOC_Os11g45750.1     -          NB-ARC               PF00931.28   9.6e-39  134.2   0.0   1.4e-38  133.7   0.0   1.2   1   0   0   1   1   1   1 gene_id:LOC_Os11g45750 chromosome:Chr11 strand:-
LOC_Os09g34150.1     -          NB-ARC               PF00931.28   1.3e-38  133.8   0.0   2.1e-38  133.1   0.0   1.3   1   0   0   1   1   1   1 gene_id:LOC_Os09g34150 chromosome:Chr9 strand:-
LOC_Os12g09240.1     -          NB-ARC               PF00931.28   1.4e-38  133.7   0.0   5.7e-38  131.7   0.0   1.9   2   0   0   2   2   1   1 gene_id:LOC_Os12g09240 chromosome:Chr12 strand:-
LOC_Os02g25900.1     -          NB-ARC               PF00931.28   2.6e-38  132.8   0.6   5.1e-38  131.9   0.6   1.4   1   0   0   1   1   1   1 gene_id:LOC_Os02g25900 chromosome:Chr2 strand:+
LOC_Os11g37740.1     -          NB-ARC               PF00931.28   3.6e-38  132.4   0.3   3.6e-38  132.4   0.3   1.6   2   0   0   2   2   1   1 gene_id:LOC_Os11g37740 chromosome:Chr11 strand:+
LOC_Os04g02110.1     -          NB-ARC               PF00931.28   5.3e-38  131.8   0.0   9.6e-38  131.0   0.0   1.3   1   0   0   1   1   1   1 gene_id:LOC_Os04g02110 chromosome:Chr4 strand:-
LOC_Os12g10710.1     -          NB-ARC               PF00931.28   7.9e-38  131.2   1.1   1.5e-37  130.3   1.1   1.4   1   0   0   1   1   1   1 gene_id:LOC_Os12g10710 chromosome:Chr12 strand:-
LOC_Os11g15500.1     -          NB-ARC               PF00931.28   9.3e-38  131.0   0.1   1.9e-37  130.0   0.1   1.5   1   0   0   1   1   1   1 gene_id:LOC_Os11g15500 chromosome:Chr11 strand:+
LOC_Os10g22484.1     -          NB-ARC               PF00931.28   1.3e-37  130.6   0.0   1.9e-37  130.0   0.0   1.3   1   0   0   1   1   1   1 gene_id:LOC_Os10g22484 chromosome:Chr10 strand:-
LOC_Os06g43670.1     -          NB-ARC               PF00931.28   1.4e-37  130.4   0.1   3.2e-37  129.2   0.1   1.5   1   0   0   1   1   1   1 gene_id:LOC_Os06g43670 chromosome:Chr6 strand:+
LOC_Os11g45970.1     -          NB-ARC               PF00931.28   1.5e-37  130.3   0.1   2.4e-37  129.7   0.1   1.3   1   0   0   1   1   1   1 gene_id:LOC_Os11g45970 chromosome:Chr11 strand:-
LOC_Os08g32890.1     -          NB-ARC               PF00931.28   1.5e-37  130.3   0.0   2.8e-37  129.4   0.0   1.4   1   0   0   1   1   1   1 gene_id:LOC_Os08g32890 chromosome:Chr8 strand:+
LOC_Os09g34160.1     -          NB-ARC               PF00931.28   1.7e-37  130.1   0.0   3.9e-37  129.0   0.0   1.6   1   0   0   1   1   1   1 gene_id:LOC_Os09g34160 chromosome:Chr9 strand:-
LOC_Os10g04180.1     -          NB-ARC               PF00931.28     2e-37  129.9   1.0   1.7e-22   81.0   0.2   2.2   2   0   0   2   2   2   2 gene_id:LOC_Os10g04180 chromosome:Chr10 strand:-
LOC_Os12g09710.1     -          NB-ARC               PF00931.28     2e-37  129.9   0.0   3.8e-37  129.0   0.0   1.4   1   0   0   1   1   1   1 gene_id:LOC_Os12g09710 chromosome:Chr12 strand:+
LOC_Os02g18080.1     -          NB-ARC               PF00931.28   2.5e-37  129.6   0.1   6.8e-37  128.2   0.1   1.6   1   1   0   1   1   1   1 gene_id:LOC_Os02g18080 chromosome:Chr2 strand:+
LOC_Os08g07340.1     -          NB-ARC               PF00931.28   3.7e-37  129.0   0.0   5.9e-37  128.4   0.0   1.3   1   0   0   1   1   1   1 gene_id:LOC_Os08g07340 chromosome:Chr8 strand:+
LOC_Os02g19750.1     -          NB-ARC               PF00931.28   3.9e-37  129.0   0.6   6.1e-37  128.3   0.6   1.3   1   0   0   1   1   1   1 gene_id:LOC_Os02g19750 chromosome:Chr2 strand:+
LOC_Os09g11020.1     -          NB-ARC               PF00931.28   8.5e-37  127.9   2.3   9.7e-29  101.5   0.1   2.7   2   1   1   3   3   2   2 gene_id:LOC_Os09g11020 chromosome:Chr9 strand:-
LOC_Os10g33440.2     -          NB-ARC               PF00931.28     1e-36  127.6   0.0   1.9e-36  126.7   0.0   1.4   1   0   0   1   1   1   1 gene_id:LOC_Os10g33440 chromosome:Chr10 strand:+
LOC_Os04g53496.1     -          NB-ARC               PF00931.28   1.1e-36  127.5   0.0   1.8e-36  126.8   0.0   1.4   1   0   0   1   1   1   1 gene_id:LOC_Os04g53496 chromosome:Chr4 strand:+
LOC_Os11g37780.1     -          NB-ARC               PF00931.28   1.2e-36  127.4   0.1   2.2e-36  126.5   0.0   1.5   2   0   0   2   2   1   1 gene_id:LOC_Os11g37780 chromosome:Chr11 strand:+
LOC_Os11g15190.1     -          NB-ARC               PF00931.28   1.2e-36  127.4   0.0   1.7e-35  123.6   0.0   2.2   1   1   0   1   1   1   1 gene_id:LOC_Os11g15190 chromosome:Chr11 strand:-
LOC_Os12g31160.1     -          NB-ARC               PF00931.28   1.5e-36  127.0   0.0   2.7e-36  126.2   0.0   1.4   1   0   0   1   1   1   1 gene_id:LOC_Os12g31160 chromosome:Chr12 strand:-
LOC_Os11g35210.1     -          NB-ARC               PF00931.28     3e-36  126.0   1.7   1.6e-35  123.7   0.3   2.2   2   0   0   2   2   1   1 gene_id:LOC_Os11g35210 chromosome:Chr11 strand:+
LOC_Os11g45924.1     -          NB-ARC               PF00931.28   4.5e-36  125.5   0.0   1.7e-21   77.8   0.0   2.1   2   0   0   2   2   2   2 gene_id:LOC_Os11g45924 chromosome:Chr11 strand:-
LOC_Os11g46210.1     -          NB-ARC               PF00931.28   5.8e-36  125.1   0.0     1e-19   71.9   0.0   2.6   2   1   0   2   2   2   2 gene_id:LOC_Os11g46210 chromosome:Chr11 strand:+
LOC_Os08g14830.1     -          NB-ARC               PF00931.28   7.9e-36  124.7   1.1   1.5e-35  123.8   0.0   2.0   3   0   0   3   3   1   1 gene_id:LOC_Os08g14830 chromosome:Chr8 strand:-
LOC_Os04g12830.1     -          NB-ARC               PF00931.28   8.2e-36  124.6   0.1   1.7e-18   67.9   0.0   2.6   3   0   0   3   3   2   2 gene_id:LOC_Os04g12830 chromosome:Chr4 strand:+
LOC_Os12g18360.1     -          NB-ARC               PF00931.28   1.3e-35  124.0   0.0   2.1e-35  123.3   0.0   1.4   1   0   0   1   1   1   1 gene_id:LOC_Os12g18360 chromosome:Chr12 strand:-
LOC_Os11g30210.1     -          NB-ARC               PF00931.28   1.3e-35  124.0  10.7   1.5e-29  104.1   1.2   2.5   2   1   1   3   3   2   2 gene_id:LOC_Os11g30210 chromosome:Chr11 strand:-
LOC_Os11g16530.1     -          NB-ARC               PF00931.28   1.4e-35  123.9   0.1   3.1e-35  122.8   0.0   1.6   2   0   0   2   2   1   1 gene_id:LOC_Os11g16530 chromosome:Chr11 strand:+
LOC_Os11g39320.1     -          NB-ARC               PF00931.28   1.6e-35  123.7   0.1   2.6e-35  123.0   0.1   1.4   1   0   0   1   1   1   1 gene_id:LOC_Os11g39320 chromosome:Chr11 strand:+
LOC_Os08g07950.1     -          NB-ARC               PF00931.28   1.7e-35  123.6   0.0   3.4e-35  122.6   0.0   1.5   1   0   0   1   1   1   1 gene_id:LOC_Os08g07950 chromosome:Chr8 strand:+
LOC_Os09g14450.1     -          NB-ARC               PF00931.28   2.4e-35  123.1   0.0   5.1e-35  122.0   0.0   1.5   1   0   0   1   1   1   1 gene_id:LOC_Os09g14450 chromosome:Chr9 strand:+
LOC_Os07g33730.1     -          NB-ARC               PF00931.28   3.4e-35  122.6   0.0     7e-35  121.6   0.0   1.4   1   0   0   1   1   1   1 gene_id:LOC_Os07g33730 chromosome:Chr7 strand:-
LOC_Os05g15040.1     -          NB-ARC               PF00931.28   4.4e-35  122.2   0.1   1.8e-33  116.9   0.1   2.4   1   1   0   1   1   1   1 gene_id:LOC_Os05g15040 chromosome:Chr5 strand:-
LOC_Os01g24820.1     -          NB-ARC               PF00931.28   5.3e-35  122.0   0.0   8.9e-35  121.2   0.0   1.3   1   0   0   1   1   1   1 gene_id:LOC_Os01g24820 chromosome:Chr1 strand:-
LOC_Os04g43440.1     -          NB-ARC               PF00931.28   5.3e-35  122.0   0.0   2.4e-27   96.9   0.1   2.3   1   1   1   2   2   2   2 gene_id:LOC_Os04g43440 chromosome:Chr4 strand:-
LOC_Os09g20030.1     -          NB-ARC               PF00931.28   5.9e-35  121.8   0.0   1.2e-34  120.8   0.0   1.5   1   0   0   1   1   1   1 gene_id:LOC_Os09g20030 chromosome:Chr9 strand:+
LOC_Os02g16330.1     -          NB-ARC               PF00931.28   6.1e-35  121.8   0.0     1e-34  121.0   0.0   1.3   1   0   0   1   1   1   1 gene_id:LOC_Os02g16330 chromosome:Chr2 strand:+
LOC_Os11g24170.1     -          NB-ARC               PF00931.28   8.4e-35  121.3   0.0   2.4e-34  119.9   0.0   1.7   2   0   0   2   2   1   1 gene_id:LOC_Os11g24170 chromosome:Chr11 strand:-
LOC_Os11g03650.1     -          NB-ARC               PF00931.28     1e-34  121.1   0.1   5.8e-21   76.0   0.0   2.4   2   0   0   2   2   2   2 gene_id:LOC_Os11g03650 chromosome:Chr11 strand:-
LOC_Os06g06390.1     -          NB-ARC               PF00931.28   1.5e-34  120.5   0.0   2.4e-34  119.8   0.0   1.2   1   0   0   1   1   1   1 gene_id:LOC_Os06g06390 chromosome:Chr6 strand:-
LOC_Os11g11810.1     -          NB-ARC               PF00931.28   1.9e-34  120.2   0.0   2.9e-34  119.5   0.0   1.3   1   0   0   1   1   1   1 gene_id:LOC_Os11g11810 chromosome:Chr11 strand:+
LOC_Os04g53160.1     -          NB-ARC               PF00931.28   2.1e-34  120.0   0.1   3.6e-34  119.2   0.1   1.4   1   0   0   1   1   1   1 gene_id:LOC_Os04g53160 chromosome:Chr4 strand:+
LOC_Os09g20040.1     -          NB-ARC               PF00931.28     4e-34  119.1   0.0   6.7e-34  118.4   0.0   1.3   1   0   0   1   1   1   1 gene_id:LOC_Os09g20040 chromosome:Chr9 strand:+
LOC_Os11g29090.1     -          NB-ARC               PF00931.28   4.4e-34  119.0   0.4   9.3e-34  117.9   0.4   1.6   1   0   0   1   1   1   1 gene_id:LOC_Os11g29090 chromosome:Chr11 strand:-
LOC_Os01g57270.1     -          NB-ARC               PF00931.28   4.8e-34  118.9   0.0   1.3e-33  117.4   0.0   1.7   1   0   0   1   1   1   1 gene_id:LOC_Os01g57270 chromosome:Chr1 strand:+
LOC_Os10g07534.1     -          NB-ARC               PF00931.28   5.1e-34  118.7   1.3   2.3e-33  116.6   1.0   2.1   1   1   1   2   2   1   1 gene_id:LOC_Os10g07534 chromosome:Chr10 strand:+
LOC_Os12g06920.1     -          NB-ARC               PF00931.28   5.2e-34  118.7   0.3   8.1e-24   85.3   0.0   2.3   2   0   0   2   2   2   2 gene_id:LOC_Os12g06920 chromosome:Chr12 strand:+
LOC_Os12g28070.1     -          NB-ARC               PF00931.28   5.4e-34  118.7   0.0   8.9e-34  118.0   0.0   1.3   1   0   0   1   1   1   1 gene_id:LOC_Os12g28070 chromosome:Chr12 strand:-
LOC_Os01g57280.1     -          NB-ARC               PF00931.28   5.4e-34  118.7   0.1     1e-33  117.8   0.1   1.4   1   0   0   1   1   1   1 gene_id:LOC_Os01g57280 chromosome:Chr1 strand:+
LOC_Os04g02030.1     -          NB-ARC               PF00931.28   8.5e-34  118.0   0.8   1.8e-33  116.9   0.0   1.9   3   0   0   3   3   1   1 gene_id:LOC_Os04g02030 chromosome:Chr4 strand:-
LOC_Os11g10550.1     -          NB-ARC               PF00931.28   9.7e-34  117.8   0.7   1.5e-33  117.2   0.7   1.3   1   0   0   1   1   1   1 gene_id:LOC_Os11g10550 chromosome:Chr11 strand:-
LOC_Os11g11550.1     -          NB-ARC               PF00931.28   9.7e-34  117.8   0.0   1.9e-33  116.9   0.0   1.4   1   0   0   1   1   1   1 gene_id:LOC_Os11g11550 chromosome:Chr11 strand:-
LOC_Os11g39160.1     -          NB-ARC               PF00931.28     1e-33  117.8   0.5   1.9e-33  116.9   0.5   1.5   1   0   0   1   1   1   1 gene_id:LOC_Os11g39160 chromosome:Chr11 strand:-
LOC_Os11g46080.1     -          NB-ARC               PF00931.28   2.8e-33  116.3   6.2   1.8e-19   71.1   1.6   2.9   2   1   0   2   2   2   2 gene_id:LOC_Os11g46080 chromosome:Chr11 strand:+
LOC_Os06g41480.1     -          NB-ARC               PF00931.28   5.4e-33  115.4   0.0   9.5e-33  114.6   0.0   1.4   1   0   0   1   1   1   1 gene_id:LOC_Os06g41480 chromosome:Chr6 strand:+
LOC_Os11g15700.1     -          NB-ARC               PF00931.28   8.8e-33  114.7   0.0   1.4e-32  114.0   0.0   1.3   1   0   0   1   1   1   1 gene_id:LOC_Os11g15700 chromosome:Chr11 strand:-
LOC_Os11g29920.1     -          NB-ARC               PF00931.28   8.8e-33  114.7   1.7   8.8e-33  114.7   1.7   2.0   2   0   0   2   2   1   1 gene_id:LOC_Os11g29920 chromosome:Chr11 strand:-
LOC_Os09g15850.1     -          NB-ARC               PF00931.28     9e-33  114.7   0.3   1.7e-32  113.8   0.3   1.4   1   0   0   1   1   1   1 gene_id:LOC_Os09g15850 chromosome:Chr9 strand:+
LOC_Os11g12300.1     -          NB-ARC               PF00931.28   9.9e-33  114.5   0.1   9.9e-33  114.5   0.1   2.1   2   1   0   2   2   1   1 gene_id:LOC_Os11g12300 chromosome:Chr11 strand:+
LOC_Os11g10610.1     -          NB-ARC               PF00931.28   1.2e-32  114.2   0.5   3.1e-32  112.9   0.3   1.8   2   0   0   2   2   1   1 gene_id:LOC_Os11g10610 chromosome:Chr11 strand:-
LOC_Os11g46200.1     -          NB-ARC               PF00931.28   1.6e-32  113.9   0.0     3e-32  113.0   0.0   1.3   1   0   0   1   1   1   1 gene_id:LOC_Os11g46200 chromosome:Chr11 strand:-
LOC_Os12g10460.1     -          NB-ARC               PF00931.28   2.2e-32  113.4   0.6   3.7e-32  112.7   0.6   1.5   1   0   0   1   1   1   1 gene_id:LOC_Os12g10460 chromosome:Chr12 strand:-
LOC_Os01g57310.1     -          NB-ARC               PF00931.28   2.2e-32  113.4   0.1   4.3e-32  112.4   0.1   1.4   1   0   0   1   1   1   1 gene_id:LOC_Os01g57310 chromosome:Chr1 strand:+
LOC_Os01g57340.1     -          NB-ARC               PF00931.28   2.2e-32  113.4   0.1   4.3e-32  112.4   0.1   1.4   1   0   0   1   1   1   1 gene_id:LOC_Os01g57340 chromosome:Chr1 strand:+
LOC_Os02g02640.1     -          NB-ARC               PF00931.28   3.3e-32  112.8   0.4   4.9e-25   89.3   0.3   2.4   1   1   1   2   2   1   1 gene_id:LOC_Os02g02640 chromosome:Chr2 strand:+
LOC_Os05g16180.1     -          NB-ARC               PF00931.28   3.4e-32  112.8   0.3   5.2e-32  112.2   0.3   1.2   1   0   0   1   1   1   1 gene_id:LOC_Os05g16180 chromosome:Chr5 strand:-
LOC_Os11g46070.1     -          NB-ARC               PF00931.28   4.7e-32  112.3   0.3   2.2e-31  110.1   0.0   1.9   2   0   0   2   2   1   1 gene_id:LOC_Os11g46070 chromosome:Chr11 strand:+
LOC_Os09g20020.1     -          NB-ARC               PF00931.28   5.3e-32  112.2   0.0   1.1e-31  111.2   0.0   1.5   1   0   0   1   1   1   1 gene_id:LOC_Os09g20020 chromosome:Chr9 strand:-
LOC_Os01g16390.1     -          NB-ARC               PF00931.28   6.7e-32  111.8   0.0   1.1e-31  111.1   0.0   1.3   1   0   0   1   1   1   1 gene_id:LOC_Os01g16390 chromosome:Chr1 strand:-
LOC_Os08g07774.1     -          NB-ARC               PF00931.28     7e-32  111.8   0.0   1.1e-31  111.2   0.0   1.2   1   0   0   1   1   1   1 gene_id:LOC_Os08g07774 chromosome:Chr8 strand:+
LOC_Os11g44580.1     -          NB-ARC               PF00931.28   8.3e-32  111.5   0.0   1.4e-31  110.8   0.0   1.3   1   0   0   1   1   1   1 gene_id:LOC_Os11g44580 chromosome:Chr11 strand:-
LOC_Os12g10390.1     -          NB-ARC               PF00931.28   9.8e-32  111.3   0.0   2.2e-31  110.1   0.0   1.5   1   0   0   1   1   1   1 gene_id:LOC_Os12g10390 chromosome:Chr12 strand:-
LOC_Os02g18510.1     -          NB-ARC               PF00931.28   1.1e-31  111.1   0.1   2.1e-31  110.2   0.1   1.4   1   0   0   1   1   1   1 gene_id:LOC_Os02g18510 chromosome:Chr2 strand:-
LOC_Os05g30220.1     -          NB-ARC               PF00931.28   1.2e-31  111.0   0.9   2.3e-31  110.1   0.9   1.5   1   0   0   1   1   1   1 gene_id:LOC_Os05g30220 chromosome:Chr5 strand:-
LOC_Os11g39310.1     -          NB-ARC               PF00931.28   1.5e-31  110.7   0.0   2.4e-31  110.0   0.0   1.3   1   0   0   1   1   1   1 gene_id:LOC_Os11g39310 chromosome:Chr11 strand:-
LOC_Os11g42040.1     -          NB-ARC               PF00931.28   2.5e-31  109.9   0.5   2.2e-14   54.5   0.1   2.3   1   1   1   2   2   2   2 gene_id:LOC_Os11g42040 chromosome:Chr11 strand:-
LOC_Os12g10360.1     -          NB-ARC               PF00931.28   4.2e-31  109.2   0.0   7.2e-31  108.4   0.0   1.3   1   0   0   1   1   1   1 gene_id:LOC_Os12g10360 chromosome:Chr12 strand:-
LOC_Os01g72390.1     -          NB-ARC               PF00931.28   8.8e-31  108.2   0.3   1.6e-30  107.3   0.3   1.3   1   0   0   1   1   1   1 gene_id:LOC_Os01g72390 chromosome:Chr1 strand:-
LOC_Os08g07890.1     -          NB-ARC               PF00931.28     1e-30  108.0   0.3   5.9e-30  105.5   0.0   2.1   1   1   1   2   2   1   1 gene_id:LOC_Os08g07890 chromosome:Chr8 strand:+
LOC_Os12g31200.1     -          NB-ARC               PF00931.28   1.2e-30  107.7   0.0   1.9e-30  107.1   0.0   1.3   1   0   0   1   1   1   1 gene_id:LOC_Os12g31200 chromosome:Chr12 strand:+
LOC_Os04g25900.1     -          NB-ARC               PF00931.28   2.1e-30  106.9   0.0   4.2e-30  105.9   0.0   1.5   1   0   0   1   1   1   1 gene_id:LOC_Os04g25900 chromosome:Chr4 strand:+
LOC_Os07g33740.1     -          NB-ARC               PF00931.28   3.8e-30  106.1   0.0   6.4e-30  105.3   0.0   1.2   1   0   0   1   1   1   1 gene_id:LOC_Os07g33740 chromosome:Chr7 strand:+
LOC_Os05g40160.1     -          NB-ARC               PF00931.28   4.4e-30  105.9   0.0     9e-30  104.8   0.0   1.6   1   0   0   1   1   1   1 gene_id:LOC_Os05g40160 chromosome:Chr5 strand:+
LOC_Os10g41900.1     -          NB-ARC               PF00931.28   7.5e-30  105.1   0.0   1.2e-29  104.4   0.0   1.4   1   0   0   1   1   1   1 gene_id:LOC_Os10g41900 chromosome:Chr10 strand:-
LOC_Os04g41370.1     -          NB-ARC               PF00931.28   7.9e-30  105.0   0.2   1.4e-29  104.3   0.2   1.3   1   0   0   1   1   1   1 gene_id:LOC_Os04g41370 chromosome:Chr4 strand:-
LOC_Os04g52970.1     -          NB-ARC               PF00931.28   9.1e-30  104.8   0.0   2.6e-15   57.5   0.0   2.4   1   1   1   2   2   2   2 gene_id:LOC_Os04g52970 chromosome:Chr4 strand:+
LOC_Os08g09110.1     -          NB-ARC               PF00931.28     1e-29  104.7   0.0   1.9e-29  103.8   0.0   1.3   1   0   0   1   1   1   1 gene_id:LOC_Os08g09110 chromosome:Chr8 strand:-
LOC_Os11g36410.1     -          NB-ARC               PF00931.28   1.4e-29  104.3   0.0   1.9e-29  103.8   0.0   1.2   1   0   0   1   1   1   1 gene_id:LOC_Os11g36410 chromosome:Chr11 strand:-
LOC_Os01g70080.1     -          NB-ARC               PF00931.28   1.6e-29  104.0   0.0   2.4e-29  103.5   0.0   1.2   1   0   0   1   1   1   1 gene_id:LOC_Os01g70080 chromosome:Chr1 strand:-
LOC_Os08g19694.1     -          NB-ARC               PF00931.28   1.8e-29  103.8   0.0   3.5e-29  102.9   0.0   1.4   1   0   0   1   1   1   1 gene_id:LOC_Os08g19694 chromosome:Chr8 strand:-
LOC_Os07g33690.1     -          NB-ARC               PF00931.28     2e-29  103.7   0.0     4e-29  102.7   0.0   1.4   1   0   0   1   1   1   1 gene_id:LOC_Os07g33690 chromosome:Chr7 strand:-
LOC_Os06g16790.1     -          NB-ARC               PF00931.28   2.2e-29  103.6   0.0   4.4e-29  102.6   0.0   1.4   1   0   0   1   1   1   1 gene_id:LOC_Os06g16790 chromosome:Chr6 strand:-
LOC_Os01g58510.1     -          NB-ARC               PF00931.28   2.8e-29  103.2   0.0   1.2e-17   65.1   0.0   2.2   2   0   0   2   2   2   2 gene_id:LOC_Os01g58510 chromosome:Chr1 strand:+
LOC_Os08g13800.1     -          NB-ARC               PF00931.28     3e-29  103.1   1.0     3e-29  103.1   1.0   1.6   2   0   0   2   2   1   1 gene_id:LOC_Os08g13800 chromosome:Chr8 strand:+
LOC_Os12g30080.1     -          NB-ARC               PF00931.28   4.6e-29  102.5   0.1   3.4e-28   99.7   0.0   2.0   1   1   1   2   2   1   1 gene_id:LOC_Os12g30080 chromosome:Chr12 strand:-
LOC_Os08g07940.1     -          NB-ARC               PF00931.28   6.2e-29  102.1   0.0   2.5e-14   54.3   0.0   2.4   2   0   0   2   2   2   2 gene_id:LOC_Os08g07940 chromosome:Chr8 strand:+
LOC_Os11g45790.1     -          NB-ARC               PF00931.28   7.2e-29  101.9   0.0   1.8e-28  100.6   0.0   1.6   1   0   0   1   1   1   1 gene_id:LOC_Os11g45790 chromosome:Chr11 strand:-
LOC_Os12g32710.1     -          NB-ARC               PF00931.28   1.7e-28  100.7   0.0   3.3e-28   99.7   0.0   1.5   1   0   0   1   1   1   1 gene_id:LOC_Os12g32710 chromosome:Chr12 strand:-
LOC_Os12g32790.1     -          NB-ARC               PF00931.28   2.5e-28  100.1   0.2   5.8e-28   98.9   0.0   1.6   2   0   0   2   2   1   1 gene_id:LOC_Os12g32790 chromosome:Chr12 strand:+
LOC_Os02g27680.1     -          NB-ARC               PF00931.28   2.6e-28  100.1   0.2   3.1e-28   99.8   0.2   1.0   1   0   0   1   1   1   1 gene_id:LOC_Os02g27680 chromosome:Chr2 strand:+
LOC_Os11g45620.1     -          NB-ARC               PF00931.28   3.2e-28   99.8   0.3     6e-28   98.9   0.0   1.5   2   0   0   2   2   1   1 gene_id:LOC_Os11g45620 chromosome:Chr11 strand:-
LOC_Os08g05440.1     -          NB-ARC               PF00931.28   3.7e-28   99.6   0.1   1.1e-16   62.0   0.0   2.3   2   0   0   2   2   2   2 gene_id:LOC_Os08g05440 chromosome:Chr8 strand:+
LOC_Os11g39330.1     -          NB-ARC               PF00931.28   3.1e-27   96.5   0.0   5.3e-27   95.8   0.0   1.3   1   0   0   1   1   1   1 gene_id:LOC_Os11g39330 chromosome:Chr11 strand:-
LOC_Os12g32660.1     -          NB-ARC               PF00931.28   4.5e-27   96.0   0.1   7.5e-27   95.3   0.1   1.4   1   0   0   1   1   1   1 gene_id:LOC_Os12g32660 chromosome:Chr12 strand:-
LOC_Os06g17930.1     -          NB-ARC               PF00931.28   4.6e-27   96.0   4.9   1.1e-26   94.7   1.4   2.3   2   0   0   2   2   1   1 gene_id:LOC_Os06g17930 chromosome:Chr6 strand:+
LOC_Os08g28460.1     -          NB-ARC               PF00931.28   4.7e-27   95.9   0.0     1e-26   94.8   0.0   1.6   1   0   0   1   1   1   1 gene_id:LOC_Os08g28460 chromosome:Chr8 strand:-
LOC_Os11g45930.1     -          NB-ARC               PF00931.28     9e-27   95.0   0.0   8.9e-23   81.9   0.0   2.3   2   0   0   2   2   1   1 gene_id:LOC_Os11g45930 chromosome:Chr11 strand:+
LOC_Os08g07930.1     -          NB-ARC               PF00931.28     1e-26   94.9   0.0   1.7e-26   94.1   0.0   1.3   1   0   0   1   1   1   1 gene_id:LOC_Os08g07930 chromosome:Chr8 strand:+
LOC_Os07g33720.1     -          NB-ARC               PF00931.28   2.5e-26   93.6   1.0   5.6e-26   92.4   0.1   1.9   2   0   0   2   2   1   1 gene_id:LOC_Os07g33720 chromosome:Chr7 strand:+
LOC_Os08g30660.1     -          NB-ARC               PF00931.28   3.5e-26   93.1   0.0   5.9e-26   92.3   0.0   1.3   1   0   0   1   1   1   1 gene_id:LOC_Os08g30660 chromosome:Chr8 strand:+
LOC_Os12g18374.1     -          NB-ARC               PF00931.28   3.7e-26   93.0   0.0   1.5e-25   91.0   0.0   2.0   1   1   0   1   1   1   1 gene_id:LOC_Os12g18374 chromosome:Chr12 strand:+
LOC_Os11g39190.1     -          NB-ARC               PF00931.28   3.8e-26   93.0   0.1   2.4e-24   87.1   0.1   2.3   1   1   0   1   1   1   1 gene_id:LOC_Os11g39190 chromosome:Chr11 strand:+
LOC_Os11g11940.1     -          NB-ARC               PF00931.28     4e-26   92.9   0.0   7.5e-26   92.0   0.0   1.4   1   0   0   1   1   1   1 gene_id:LOC_Os11g11940 chromosome:Chr11 strand:+
LOC_Os02g04530.1     -          NB-ARC               PF00931.28   5.3e-26   92.5   0.2   1.2e-25   91.3   0.2   1.5   1   0   0   1   1   1   1 gene_id:LOC_Os02g04530 chromosome:Chr2 strand:+
LOC_Os01g58530.1     -          NB-ARC               PF00931.28   7.5e-26   92.0   0.0   1.3e-25   91.3   0.0   1.3   1   0   0   1   1   1   1 gene_id:LOC_Os01g58530 chromosome:Chr1 strand:+
LOC_Os03g37720.1     -          NB-ARC               PF00931.28   7.7e-26   92.0   0.0   1.7e-25   90.8   0.0   1.6   1   1   0   1   1   1   1 gene_id:LOC_Os03g37720 chromosome:Chr3 strand:-
LOC_Os11g17014.1     -          NB-ARC               PF00931.28   9.3e-26   91.7   0.0   9.1e-25   88.5   0.0   2.3   1   1   1   2   2   1   1 gene_id:LOC_Os11g17014 chromosome:Chr11 strand:+
LOC_Os11g42070.1     -          NB-ARC               PF00931.28   2.5e-25   90.3   0.0   4.7e-25   89.4   0.0   1.4   1   0   0   1   1   1   1 gene_id:LOC_Os11g42070 chromosome:Chr11 strand:+
LOC_Os07g09900.1     -          NB-ARC               PF00931.28   2.6e-25   90.2   0.0   4.3e-25   89.5   0.0   1.3   1   0   0   1   1   1   1 gene_id:LOC_Os07g09900 chromosome:Chr7 strand:-
LOC_Os12g32680.1     -          NB-ARC               PF00931.28   2.8e-25   90.2   0.1   6.9e-25   88.9   0.1   1.6   2   0   0   2   2   1   1 gene_id:LOC_Os12g32680 chromosome:Chr12 strand:-
LOC_Os12g03750.1     -          NB-ARC               PF00931.28   2.8e-25   90.1   0.0   2.4e-18   67.5   0.1   2.4   1   1   1   2   2   1   1 gene_id:LOC_Os12g03750 chromosome:Chr12 strand:+
LOC_Os11g38000.1     -          NB-ARC               PF00931.28   3.7e-25   89.7   0.0   6.5e-25   88.9   0.0   1.3   1   0   0   1   1   1   1 gene_id:LOC_Os11g38000 chromosome:Chr11 strand:+
LOC_Os03g26260.1     -          NB-ARC               PF00931.28     4e-25   89.6   0.2   3.3e-24   86.6   0.2   2.2   1   1   0   1   1   1   1 gene_id:LOC_Os03g26260 chromosome:Chr3 strand:+
LOC_Os06g49360.1     -          NB-ARC               PF00931.28   1.1e-24   88.2   0.1   1.9e-24   87.4   0.1   1.3   1   0   0   1   1   1   1 gene_id:LOC_Os06g49360 chromosome:Chr6 strand:-
LOC_Os09g09750.1     -          NB-ARC               PF00931.28   1.1e-24   88.2   0.5   9.8e-24   85.1   0.4   2.3   1   1   1   2   2   1   1 gene_id:LOC_Os09g09750 chromosome:Chr9 strand:+
LOC_Os03g30910.1     -          NB-ARC               PF00931.28   4.7e-24   86.1   0.2   1.9e-11   44.8   0.0   2.4   1   1   1   2   2   2   2 gene_id:LOC_Os03g30910 chromosome:Chr3 strand:+
LOC_Os08g24380.1     -          NB-ARC               PF00931.28   5.3e-24   85.9   1.3   2.6e-14   54.2   0.2   2.6   1   1   1   2   2   2   2 gene_id:LOC_Os08g24380 chromosome:Chr8 strand:-
LOC_Os07g31800.1     -          NB-ARC               PF00931.28   6.1e-24   85.7   0.2   1.7e-23   84.3   0.2   1.7   1   0   0   1   1   1   1 gene_id:LOC_Os07g31800 chromosome:Chr7 strand:-
LOC_Os11g30050.1     -          NB-ARC               PF00931.28   2.9e-23   83.5   0.2   2.9e-23   83.5   0.2   1.5   2   0   0   2   2   1   1 gene_id:LOC_Os11g30050 chromosome:Chr11 strand:-
LOC_Os10g17690.1     -          NB-ARC               PF00931.28   3.6e-23   83.2   0.1   3.4e-12   47.3   0.0   2.4   1   1   1   2   2   2   2 gene_id:LOC_Os10g17690 chromosome:Chr10 strand:-
LOC_Os07g17230.1     -          NB-ARC               PF00931.28   4.4e-23   82.9   0.1     9e-23   81.9   0.1   1.4   1   0   0   1   1   1   1 gene_id:LOC_Os07g17230 chromosome:Chr7 strand:-
LOC_Os06g48520.1     -          NB-ARC               PF00931.28   4.8e-23   82.8   0.0   8.8e-23   81.9   0.0   1.4   1   0   0   1   1   1   1 gene_id:LOC_Os06g48520 chromosome:Chr6 strand:-
LOC_Os01g02280.1     -          NB-ARC               PF00931.28   7.4e-23   82.2   0.1   2.1e-22   80.7   0.1   1.8   1   0   0   1   1   1   1 gene_id:LOC_Os01g02280 chromosome:Chr1 strand:+
LOC_Os11g30060.1     -          NB-ARC               PF00931.28   2.1e-22   80.7   4.8     2e-12   48.0   0.5   4.0   2   1   1   3   3   2   2 gene_id:LOC_Os11g30060 chromosome:Chr11 strand:+
LOC_Os12g32670.1     -          NB-ARC               PF00931.28   5.6e-22   79.3   0.0   1.2e-21   78.3   0.0   1.5   1   0   0   1   1   1   1 gene_id:LOC_Os12g32670 chromosome:Chr12 strand:-
LOC_Os11g27430.1     -          NB-ARC               PF00931.28     7e-22   79.0   0.0   4.9e-21   76.2   0.0   2.1   1   1   0   1   1   1   1 gene_id:LOC_Os11g27430 chromosome:Chr11 strand:-
LOC_Os02g10900.1     -          NB-ARC               PF00931.28   7.5e-22   78.9   0.0   1.9e-21   77.5   0.0   1.6   1   0   0   1   1   1   1 gene_id:LOC_Os02g10900 chromosome:Chr2 strand:-
LOC_Os08g14850.1     -          NB-ARC               PF00931.28   1.6e-21   77.8   4.0     7e-10   39.7   0.6   2.6   2   1   0   2   2   2   2 gene_id:LOC_Os08g14850 chromosome:Chr8 strand:+
LOC_Os11g42090.1     -          NB-ARC               PF00931.28   1.8e-21   77.7   0.0   7.3e-21   75.7   0.0   1.9   2   0   0   2   2   1   1 gene_id:LOC_Os11g42090 chromosome:Chr11 strand:-
LOC_Os11g43420.1     -          NB-ARC               PF00931.28     3e-21   77.0   0.0   5.1e-21   76.2   0.0   1.4   1   0   0   1   1   1   1 gene_id:LOC_Os11g43420 chromosome:Chr11 strand:+
LOC_Os11g39590.1     -          NB-ARC               PF00931.28   6.7e-20   72.5   0.0   1.1e-19   71.8   0.0   1.3   1   0   0   1   1   1   1 gene_id:LOC_Os11g39590 chromosome:Chr11 strand:-
LOC_Os06g48990.1     -          NB-ARC               PF00931.28   7.2e-20   72.4   0.4   4.6e-15   56.7   0.3   2.2   2   0   0   2   2   1   1 gene_id:LOC_Os06g48990 chromosome:Chr6 strand:-
LOC_Os07g17420.1     -          NB-ARC               PF00931.28   7.6e-20   72.3   0.0   1.3e-19   71.6   0.0   1.3   1   0   0   1   1   1   1 gene_id:LOC_Os07g17420 chromosome:Chr7 strand:-
LOC_Os11g29050.1     -          NB-ARC               PF00931.28   8.3e-20   72.2   0.0   1.6e-19   71.3   0.0   1.5   1   0   0   1   1   1   1 gene_id:LOC_Os11g29050 chromosome:Chr11 strand:+
LOC_Os09g16000.1     -          NB-ARC               PF00931.28   2.1e-19   70.9   0.0   3.2e-19   70.3   0.0   1.2   1   0   0   1   1   1   1 gene_id:LOC_Os09g16000 chromosome:Chr9 strand:+
LOC_Os12g25170.1     -          NB-ARC               PF00931.28   3.5e-19   70.2   0.0   5.5e-19   69.5   0.0   1.3   1   0   0   1   1   1   1 gene_id:LOC_Os12g25170 chromosome:Chr12 strand:+
LOC_Os02g20460.1     -          NB-ARC               PF00931.28     1e-18   68.7   0.1   1.9e-18   67.8   0.1   1.5   1   0   0   1   1   1   1 gene_id:LOC_Os02g20460 chromosome:Chr2 strand:-
LOC_Os02g16250.1     -          NB-ARC               PF00931.28   1.4e-18   68.2   0.0   1.7e-18   67.9   0.0   1.1   1   0   0   1   1   1   1 gene_id:LOC_Os02g16250 chromosome:Chr2 strand:+
LOC_Os11g39600.1     -          NB-ARC               PF00931.28   3.3e-18   67.0   0.0   6.9e-18   65.9   0.0   1.4   2   0   0   2   2   1   1 gene_id:LOC_Os11g39600 chromosome:Chr11 strand:-
LOC_Os07g01530.1     -          NB-ARC               PF00931.28   6.6e-18   66.0   0.1   9.3e-17   62.2   0.0   2.7   2   1   0   2   2   1   1 gene_id:LOC_Os07g01530 chromosome:Chr7 strand:-
LOC_Os11g46140.1     -          NB-ARC               PF00931.28   1.2e-17   65.1   0.0   3.1e-17   63.8   0.0   1.7   2   0   0   2   2   1   1 gene_id:LOC_Os11g46140 chromosome:Chr11 strand:+
LOC_Os11g43410.1     -          NB-ARC               PF00931.28   1.6e-17   64.8   0.0   2.4e-17   64.1   0.0   1.2   1   0   0   1   1   1   1 gene_id:LOC_Os11g43410 chromosome:Chr11 strand:+
LOC_Os08g07920.1     -          NB-ARC               PF00931.28   4.6e-17   63.2   0.1   2.2e-16   61.0   0.0   2.0   2   0   0   2   2   1   1 gene_id:LOC_Os08g07920 chromosome:Chr8 strand:+
LOC_Os11g43320.1     -          NB-ARC               PF00931.28   7.9e-17   62.5   0.0   1.5e-16   61.5   0.0   1.4   1   0   0   1   1   1   1 gene_id:LOC_Os11g43320 chromosome:Chr11 strand:+
LOC_Os12g10490.1     -          NB-ARC               PF00931.28   1.6e-16   61.5   0.1   2.3e-16   61.0   0.1   1.1   1   0   0   1   1   1   1 gene_id:LOC_Os12g10490 chromosome:Chr12 strand:+
LOC_Os11g39730.1     -          NB-ARC               PF00931.28   1.9e-16   61.2   0.0   3.6e-16   60.3   0.0   1.4   1   0   0   1   1   1   1 gene_id:LOC_Os11g39730 chromosome:Chr11 strand:-
LOC_Os12g28040.1     -          NB-ARC               PF00931.28   2.1e-16   61.1   0.0   3.2e-16   60.5   0.0   1.2   1   0   0   1   1   1   1 gene_id:LOC_Os12g28040 chromosome:Chr12 strand:-
LOC_Os11g17120.1     -          NB-ARC               PF00931.28     4e-16   60.2   0.1     6e-16   59.6   0.1   1.2   1   0   0   1   1   1   1 gene_id:LOC_Os11g17120 chromosome:Chr11 strand:-
LOC_Os11g37790.1     -          NB-ARC               PF00931.28   6.6e-16   59.4   0.2   3.3e-15   57.2   0.0   2.1   1   1   1   2   2   1   1 gene_id:LOC_Os11g37790 chromosome:Chr11 strand:+
LOC_Os05g23250.1     -          NB-ARC               PF00931.28   1.1e-15   58.7   0.3   2.1e-15   57.8   0.3   1.3   1   0   0   1   1   1   1 gene_id:LOC_Os05g23250 chromosome:Chr5 strand:-
LOC_Os11g39290.1     -          NB-ARC               PF00931.28   1.5e-15   58.3   0.0   2.8e-15   57.4   0.0   1.3   1   0   0   1   1   1   1 gene_id:LOC_Os11g39290 chromosome:Chr11 strand:+
LOC_Os12g17430.1     -          NB-ARC               PF00931.28   1.8e-15   58.0   2.5   2.9e-15   57.3   0.8   1.9   2   0   0   2   2   1   1 gene_id:LOC_Os12g17430 chromosome:Chr12 strand:-
LOC_Os04g02120.1     -          NB-ARC               PF00931.28   4.4e-15   56.7   0.0     9e-15   55.7   0.0   1.4   1   0   0   1   1   1   1 gene_id:LOC_Os04g02120 chromosome:Chr4 strand:-
LOC_Os07g12680.1     -          NB-ARC               PF00931.28   6.3e-15   56.2   0.1   1.3e-14   55.2   0.1   1.5   1   0   0   1   1   1   1 gene_id:LOC_Os07g12680 chromosome:Chr7 strand:-
LOC_Os12g39620.2     -          NB-ARC               PF00931.28   7.2e-15   56.0   0.0   1.6e-14   54.9   0.0   1.6   1   0   0   1   1   1   1 gene_id:LOC_Os12g39620 chromosome:Chr12 strand:+
LOC_Os02g27500.1     -          NB-ARC               PF00931.28   2.1e-14   54.5   0.1   3.4e-14   53.8   0.1   1.3   1   0   0   1   1   1   1 gene_id:LOC_Os02g27500 chromosome:Chr2 strand:-
LOC_Os01g52270.1     -          NB-ARC               PF00931.28   3.3e-14   53.9   0.0   2.1e-10   41.4   0.0   2.2   1   1   0   2   2   1   1 gene_id:LOC_Os01g52270 chromosome:Chr1 strand:+
LOC_Os04g11780.1     -          NB-ARC               PF00931.28   3.4e-14   53.8   0.0   5.7e-14   53.1   0.0   1.3   1   0   0   1   1   1   1 gene_id:LOC_Os04g11780 chromosome:Chr4 strand:+
LOC_Os11g16500.1     -          NB-ARC               PF00931.28   4.7e-14   53.4   0.0   5.6e-14   53.1   0.0   1.0   1   0   0   1   1   1   1 gene_id:LOC_Os11g16500 chromosome:Chr11 strand:-
LOC_Os10g04342.1     -          NB-ARC               PF00931.28   5.5e-14   53.1   0.0     9e-14   52.4   0.0   1.3   1   0   0   1   1   1   1 gene_id:LOC_Os10g04342 chromosome:Chr10 strand:+
LOC_Os01g52304.1     -          NB-ARC               PF00931.28   5.9e-14   53.0   0.0     1e-07   32.6   0.0   2.1   2   0   0   2   2   1   1 gene_id:LOC_Os01g52304 chromosome:Chr1 strand:+
LOC_Os01g52330.1     -          NB-ARC               PF00931.28   6.8e-14   52.8   0.0   2.1e-07   31.6   0.0   3.1   4   0   0   4   4   1   1 gene_id:LOC_Os01g52330 chromosome:Chr1 strand:+
LOC_Os06g37840.1     -          NB-ARC               PF00931.28   2.1e-13   51.2   0.0     1e-12   49.0   0.0   2.0   1   1   0   1   1   1   1 gene_id:LOC_Os06g37840 chromosome:Chr6 strand:-
LOC_Os07g12670.1     -          NB-ARC               PF00931.28   4.5e-13   50.2   0.0   6.8e-13   49.6   0.0   1.2   1   0   0   1   1   1   1 gene_id:LOC_Os07g12670 chromosome:Chr7 strand:-
LOC_Os11g45840.1     -          NB-ARC               PF00931.28   5.6e-13   49.8   0.0   8.5e-13   49.2   0.0   1.3   1   0   0   1   1   1   1 gene_id:LOC_Os11g45840 chromosome:Chr11 strand:+
LOC_Os02g10580.1     -          NB-ARC               PF00931.28   8.1e-13   49.3   0.0   1.9e-12   48.1   0.0   1.4   1   1   0   1   1   1   1 gene_id:LOC_Os02g10580 chromosome:Chr2 strand:+
LOC_Os07g02560.1     -          NB-ARC               PF00931.28   1.2e-12   48.8   0.0   5.5e-12   46.6   0.0   1.9   1   1   0   1   1   1   1 gene_id:LOC_Os07g02560 chromosome:Chr7 strand:-
LOC_Os07g02570.1     -          NB-ARC               PF00931.28   1.3e-12   48.7   0.0   1.4e-11   45.3   0.0   2.1   1   1   0   1   1   1   1 gene_id:LOC_Os07g02570 chromosome:Chr7 strand:-
LOC_Os02g41760.1     -          NB-ARC               PF00931.28   1.5e-12   48.4   0.0   3.2e-07   31.0   0.0   2.3   1   1   1   2   2   1   1 gene_id:LOC_Os02g41760 chromosome:Chr2 strand:-
LOC_Os06g37820.1     -          NB-ARC               PF00931.28   2.5e-12   47.7   0.0   5.2e-12   46.7   0.0   1.5   1   0   0   1   1   1   1 gene_id:LOC_Os06g37820 chromosome:Chr6 strand:-
LOC_Os01g52320.1     -          NB-ARC               PF00931.28   2.9e-12   47.5   0.0   2.2e-06   28.2   0.0   3.3   4   0   0   4   4   1   1 gene_id:LOC_Os01g52320 chromosome:Chr1 strand:+
LOC_Os07g02620.1     -          NB-ARC               PF00931.28   4.1e-12   47.0   0.0   2.3e-11   44.5   0.0   2.1   1   1   0   1   1   1   1 gene_id:LOC_Os07g02620 chromosome:Chr7 strand:-
LOC_Os09g07590.1     -          NB-ARC               PF00931.28   4.5e-12   46.9   0.0   1.3e-11   45.4   0.0   1.7   2   0   0   2   2   1   1 gene_id:LOC_Os09g07590 chromosome:Chr9 strand:-
LOC_Os11g06220.1     -          NB-ARC               PF00931.28     5e-12   46.7   0.0   5.8e-09   36.7   0.0   2.2   1   1   1   2   2   1   1 gene_id:LOC_Os11g06220 chromosome:Chr11 strand:+
LOC_Os12g28050.1     -          NB-ARC               PF00931.28     1e-11   45.7   0.0   1.9e-11   44.9   0.0   1.4   1   0   0   1   1   1   1 gene_id:LOC_Os12g28050 chromosome:Chr12 strand:-
LOC_Os12g37280.1     -          NB-ARC               PF00931.28   1.2e-11   45.5   0.0   2.2e-11   44.6   0.0   1.4   1   0   0   1   1   1   1 gene_id:LOC_Os12g37280 chromosome:Chr12 strand:-
LOC_Os02g10550.1     -          NB-ARC               PF00931.28   1.6e-11   45.1   0.0   2.4e-11   44.5   0.0   1.2   1   0   0   1   1   1   1 gene_id:LOC_Os02g10550 chromosome:Chr2 strand:+
LOC_Os11g39260.1     -          NB-ARC               PF00931.28   2.6e-11   44.4   0.0   3.3e-11   44.1   0.0   1.1   1   0   0   1   1   1   1 gene_id:LOC_Os11g39260 chromosome:Chr11 strand:-
LOC_Os07g02630.1     -          NB-ARC               PF00931.28   2.7e-11   44.3   0.0   9.8e-09   35.9   0.0   2.8   2   1   0   2   2   1   1 gene_id:LOC_Os07g02630 chromosome:Chr7 strand:-
LOC_Os02g39884.1     -          NB-ARC               PF00931.28   3.1e-11   44.1   0.0   2.3e-10   41.3   0.0   2.0   1   1   0   1   1   1   1 gene_id:LOC_Os02g39884 chromosome:Chr2 strand:-
LOC_Os01g52280.1     -          NB-ARC               PF00931.28   6.3e-11   43.1   0.0   0.00017   22.1   0.0   2.5   2   1   0   3   3   0   0 gene_id:LOC_Os01g52280 chromosome:Chr1 strand:+
LOC_Os10g22290.1     -          NB-ARC               PF00931.28   6.8e-11   43.0   0.1     1e-10   42.5   0.1   1.2   1   0   0   1   1   1   1 gene_id:LOC_Os10g22290 chromosome:Chr10 strand:+
LOC_Os11g29030.1     -          NB-ARC               PF00931.28   1.1e-10   42.4   0.0   1.5e-10   41.9   0.0   1.3   1   0   0   1   1   1   1 gene_id:LOC_Os11g29030 chromosome:Chr11 strand:+
LOC_Os10g04570.1     -          NB-ARC               PF00931.28   2.4e-10   41.2   0.0   2.6e-06   28.0   0.0   2.4   1   1   1   2   2   1   1 gene_id:LOC_Os10g04570 chromosome:Chr10 strand:+
LOC_Os07g02660.1     -          NB-ARC               PF00931.28   3.7e-10   40.6   0.0   2.1e-08   34.9   0.0   2.3   1   1   0   1   1   1   1 gene_id:LOC_Os07g02660 chromosome:Chr7 strand:-
LOC_Os05g45690.1     -          NB-ARC               PF00931.28   3.9e-10   40.5   0.0   9.3e-09   36.0   0.0   2.3   1   1   0   1   1   1   1 gene_id:LOC_Os05g45690 chromosome:Chr5 strand:-
LOC_Os11g28470.1     -          NB-ARC               PF00931.28   4.4e-10   40.3   0.0   1.3e-09   38.8   0.0   1.6   1   1   0   1   1   1   1 gene_id:LOC_Os11g28470 chromosome:Chr11 strand:-
LOC_Os01g52340.1     -          NB-ARC               PF00931.28   4.8e-10   40.2   0.0   0.00045   20.7   0.0   2.7   3   0   0   3   3   0   0 gene_id:LOC_Os01g52340 chromosome:Chr1 strand:+
LOC_Os01g52290.1     -          NB-ARC               PF00931.28   6.3e-10   39.8   0.0    0.0013   19.2   0.0   2.3   1   1   0   2   2   0   0 gene_id:LOC_Os01g52290 chromosome:Chr1 strand:+
LOC_Os07g09940.1     -          NB-ARC               PF00931.28   7.9e-10   39.5   0.0   1.2e-09   39.0   0.0   1.2   1   0   0   1   1   1   1 gene_id:LOC_Os07g09940 chromosome:Chr7 strand:-
LOC_Os11g39280.1     -          NB-ARC               PF00931.28   9.5e-10   39.3   0.0   1.5e-09   38.6   0.0   1.2   1   0   0   1   1   1   1 gene_id:LOC_Os11g39280 chromosome:Chr11 strand:+
LOC_Os12g30070.1     -          NB-ARC               PF00931.28   1.6e-09   38.5   0.0   2.4e-09   38.0   0.0   1.3   1   0   0   1   1   1   1 gene_id:LOC_Os12g30070 chromosome:Chr12 strand:-
LOC_Os11g06290.1     -          NB-ARC               PF00931.28   2.3e-09   38.0   0.0   2.5e-05   24.8   0.0   2.3   1   1   1   2   2   1   1 gene_id:LOC_Os11g06290 chromosome:Chr11 strand:+
LOC_Os07g02624.1     -          NB-ARC               PF00931.28   2.4e-09   37.9   0.0   0.00071   20.0   0.0   2.2   2   0   0   2   2   0   0 gene_id:LOC_Os07g02624 chromosome:Chr7 strand:-
LOC_Os10g22300.1     -          NB-ARC               PF00931.28   2.5e-09   37.9   0.0   2.2e-07   31.5   0.0   2.2   1   1   0   1   1   1   1 gene_id:LOC_Os10g22300 chromosome:Chr10 strand:+
LOC_Os10g22510.1     -          NB-ARC               PF00931.28   4.4e-09   37.1   0.1   1.3e-08   35.6   0.0   1.8   2   0   0   2   2   1   1 gene_id:LOC_Os10g22510 chromosome:Chr10 strand:+
LOC_Os11g46130.1     -          NB-ARC               PF00931.28   8.1e-09   36.2   0.0   1.7e-08   35.2   0.0   1.5   1   0   0   1   1   1   1 gene_id:LOC_Os11g46130 chromosome:Chr11 strand:+
LOC_Os11g29110.1     -          NB-ARC               PF00931.28   9.7e-09   36.0   0.1   2.7e-08   34.5   0.1   1.7   1   1   0   1   1   1   1 gene_id:LOC_Os11g29110 chromosome:Chr11 strand:+
LOC_Os11g06234.1     -          NB-ARC               PF00931.28   2.2e-08   34.8   0.0   7.5e-05   23.2   0.0   2.2   1   1   1   2   2   0   0 gene_id:LOC_Os11g06234 chromosome:Chr11 strand:+
LOC_Os07g02590.1     -          NB-ARC               PF00931.28   2.3e-08   34.8   0.0    0.0045   17.4   0.0   2.3   2   0   0   2   2   0   0 gene_id:LOC_Os07g02590 chromosome:Chr7 strand:-
LOC_Os11g06210.1     -          NB-ARC               PF00931.28   3.4e-08   34.2   0.0   4.8e-05   23.9   0.0   2.2   1   1   1   2   2   1   1 gene_id:LOC_Os11g06210 chromosome:Chr11 strand:+
LOC_Os10g04160.1     -          NB-ARC               PF00931.28   3.5e-08   34.1   0.0   8.7e-05   23.0   0.0   2.1   1   1   0   2   2   0   0 gene_id:LOC_Os10g04160 chromosome:Chr10 strand:-
LOC_Os11g45780.1     -          NB-ARC               PF00931.28   6.6e-08   33.2   0.0     1e-07   32.6   0.0   1.3   1   0   0   1   1   1   1 gene_id:LOC_Os11g45780 chromosome:Chr11 strand:-
LOC_Os08g30634.1     -          NB-ARC               PF00931.28   1.4e-07   32.1   0.0   2.7e-07   31.2   0.0   1.5   1   0   0   1   1   1   1 gene_id:LOC_Os08g30634 chromosome:Chr8 strand:-
LOC_Os08g28470.1     -          NB-ARC               PF00931.28   1.6e-07   32.0   0.0   2.6e-07   31.3   0.0   1.3   1   0   0   1   1   1   1 gene_id:LOC_Os08g28470 chromosome:Chr8 strand:-
LOC_Os11g06230.1     -          NB-ARC               PF00931.28   3.6e-07   30.8   0.0    0.0014   19.0   0.0   2.2   1   1   1   2   2   0   0 gene_id:LOC_Os11g06230 chromosome:Chr11 strand:+
LOC_Os10g04560.1     -          NB-ARC               PF00931.28   4.9e-07   30.4   0.0     1e-06   29.3   0.0   1.5   1   0   0   1   1   1   1 gene_id:LOC_Os10g04560 chromosome:Chr10 strand:+
LOC_Os07g09910.1     -          NB-ARC               PF00931.28   5.4e-07   30.2   0.1   8.1e-07   29.7   0.1   1.2   1   0   0   1   1   1   1 gene_id:LOC_Os07g09910 chromosome:Chr7 strand:-
LOC_Os01g55530.1     -          NB-ARC               PF00931.28     6e-07   30.1   0.0   1.2e-06   29.1   0.0   1.4   1   0   0   1   1   1   1 gene_id:LOC_Os01g55530 chromosome:Chr1 strand:-
LOC_Os11g10120.1     -          NB-ARC               PF00931.28   6.9e-07   29.9   0.0   1.4e-06   28.9   0.0   1.5   1   0   0   1   1   1   1 gene_id:LOC_Os11g10120 chromosome:Chr11 strand:-
LOC_Os11g45980.1     -          NB-ARC               PF00931.28   8.4e-07   29.6   0.0   1.5e-06   28.8   0.0   1.4   1   0   0   1   1   1   1 gene_id:LOC_Os11g45980 chromosome:Chr11 strand:+
LOC_Os07g02610.1     -          NB-ARC               PF00931.28   9.9e-07   29.4   0.0     0.012   16.0   0.0   2.3   2   0   0   2   2   0   0 gene_id:LOC_Os07g02610 chromosome:Chr7 strand:-
LOC_Os01g40040.1     -          NB-ARC               PF00931.28   1.2e-06   29.2   0.1     0.011   16.2   0.0   2.6   1   1   1   2   2   0   0 gene_id:LOC_Os01g40040 chromosome:Chr1 strand:-
LOC_Os01g52380.1     -          NB-ARC               PF00931.28   1.3e-06   28.9   0.0     0.026   14.9   0.0   2.3   2   0   0   2   2   0   0 gene_id:LOC_Os01g52380 chromosome:Chr1 strand:+
LOC_Os08g14810.1     -          NB-ARC               PF00931.28   1.9e-06   28.5   0.1   4.1e-06   27.4   0.1   1.5   1   0   0   1   1   1   1 gene_id:LOC_Os08g14810 chromosome:Chr8 strand:-
LOC_Os11g42660.1     -          NB-ARC               PF00931.28   2.1e-06   28.3   0.0   4.1e-06   27.4   0.0   1.5   1   1   0   1   1   1   1 gene_id:LOC_Os11g42660 chromosome:Chr11 strand:+
LOC_Os01g25340.1     -          NB-ARC               PF00931.28   2.3e-06   28.2   0.0   5.3e-05   23.7   0.0   2.1   1   1   0   1   1   1   1 gene_id:LOC_Os01g25340 chromosome:Chr1 strand:-
LOC_Os09g30380.1     -          NB-ARC               PF00931.28   2.6e-06   28.0   0.0   5.2e-06   27.0   0.0   1.4   1   0   0   1   1   1   1 gene_id:LOC_Os09g30380 chromosome:Chr9 strand:+
LOC_Os12g28250.1     -          NB-ARC               PF00931.28   3.4e-06   27.6   0.0   6.4e-06   26.7   0.0   1.4   1   0   0   1   1   1   1 gene_id:LOC_Os12g28250 chromosome:Chr12 strand:-
LOC_Os04g26350.1     -          NB-ARC               PF00931.28   4.9e-06   27.1   1.3   1.1e-05   26.0   1.3   1.6   1   1   0   1   1   1   1 gene_id:LOC_Os04g26350 chromosome:Chr4 strand:-
LOC_Os10g04450.1     -          NB-ARC               PF00931.28   6.9e-06   26.6   0.0   0.00052   20.5   0.0   2.3   1   1   1   2   2   0   0 gene_id:LOC_Os10g04450 chromosome:Chr10 strand:-
LOC_Os11g06300.1     -          NB-ARC               PF00931.28   7.8e-06   26.4   0.0     0.023   15.1   0.0   2.3   2   0   0   2   2   0   0 gene_id:LOC_Os11g06300 chromosome:Chr11 strand:+
LOC_Os10g04380.1     -          NB-ARC               PF00931.28   8.2e-06   26.4   0.0    0.0034   17.8   0.0   2.2   1   1   1   2   2   0   0 gene_id:LOC_Os10g04380 chromosome:Chr10 strand:-
LOC_Os07g02530.1     -          NB-ARC               PF00931.28   8.9e-06   26.2   0.0   1.3e-05   25.8   0.0   1.1   1   0   0   1   1   1   1 gene_id:LOC_Os07g02530 chromosome:Chr7 strand:+
LOC_Os08g38970.1     -          NB-ARC               PF00931.28   1.3e-05   25.7   0.0   2.7e-05   24.7   0.0   1.4   1   0   0   1   1   1   1 gene_id:LOC_Os08g38970 chromosome:Chr8 strand:+
LOC_Os11g29000.1     -          NB-ARC               PF00931.28   1.8e-05   25.2   0.0   3.7e-05   24.2   0.0   1.5   1   0   0   1   1   1   1 gene_id:LOC_Os11g29000 chromosome:Chr11 strand:-
LOC_Os10g04470.1     -          NB-ARC               PF00931.28   2.2e-05   25.0   0.0    0.0028   18.1   0.0   2.2   1   1   0   2   2   0   0 gene_id:LOC_Os10g04470 chromosome:Chr10 strand:-
LOC_Os10g04510.1     -          NB-ARC               PF00931.28   3.3e-05   24.4   0.0   0.00053   20.4   0.0   2.1   1   1   0   2   2   0   0 gene_id:LOC_Os10g04510 chromosome:Chr10 strand:+
LOC_Os06g01980.1     -          NB-ARC               PF00931.28   4.5e-05   23.9   0.0     0.066   13.6   0.0   2.9   3   0   0   3   3   0   0 gene_id:LOC_Os06g01980 chromosome:Chr6 strand:+
LOC_Os11g36760.1     -          NB-ARC               PF00931.28   5.6e-05   23.6   0.0   0.00011   22.7   0.0   1.3   1   0   0   1   1   0   0 gene_id:LOC_Os11g36760 chromosome:Chr11 strand:+
#
# Program:         hmmsearch
# Version:         3.3.2 (Nov 2020)
# Pipeline mode:   SEARCH
# Query file:      /home/wangys/data/work/nbs/manuscript/data_analysis/accuracy_assessment/reference_genes/rice/NBS_domain.hmm
# Target file:     /home/wangys/data/work/nbs/manuscript/data_analysis/accuracy_assessment/reference_genes/rice/rice_proteins.fasta
# Option settings: hmmsearch --tblout /home/wangys/data/work/nbs/manuscript/data_analysis/accuracy_assessment/reference_genes/rice/rice_hmmsearch.out --cut_ga /home/wangys/data/work/nbs/manuscript/data_analysis/accuracy_assessment/reference_genes/rice/NBS_domain.hmm /home/wangys/data/work/nbs/manuscript/data_analysis/accuracy_assessment/reference_genes/rice/rice_proteins.fasta 
# Current dir:     /data/usdata/wangys/work/nbs
# Date:            Sun Jun 29 10:36:10 2025
# [ok]
